b 1
b 2
b 3
b 4
b 5
b 6
b 7
b 8
b 9
b 10
b 11
b 12
b 13
b 14
b 15
b 16
b 17
b 18
b 19
b 20
b 21
b 22
b 23
b 24
b 25
b 26
b 27
b 28
b 29
b 30
b 31
b 32
b 33
b 34
b 35
b 36
b 37
b 38
b 39
b 40
b 41
b 42
b 43
b 44
b 45
b 46
b 47
b 48
b 49
b 50
b 51
b 52
b 53
b 54
b 55
b 56
b 57
b 58
b 59
b 60
b 61
b 62
b 63
b 64
b 65
b 66
b 67
b 68
b 69
b 70
b 71
b 72
b 73
b 74
b 75
b 76
b 77
b 78
b 79
b 80
b 81
b 82
b 83
b 84
b 85
b 86
b 87
b 88
b 89
b 90
b 91
b 92
b 93
b 94
b 95
b 96
b 97
b 98
b 99
b 100
b 101
b 102
b 103
b 104
b 105
b 106
b 107
b 108
b 109
b 110
b 111
b 112
b 113
b 114
b 115
b 116
b 117
b 118
b 119
b 120
b 121
b 122
b 123
b 124
b 125
b 126
b 127
b 128
b 129
b 130
b 131
b 132
b 133
b 134
b 135
b 136
b 137
b 138
b 139
b 140
b 141
b 142
b 143
b 144
b 145
b 146
b 147
b 148
b 149
b 150
b 151
b 152
b 153
b 154
b 155
b 156
b 157
b 158
b 159
b 160
b 161
b 162
b 163
b 164
b 165
b 166
b 167
b 168
b 169
b 170
b 171
b 172
b 173
b 174
b 175
b 176
b 177
b 178
b 179
b 180
b 181
b 182
b 183
b 184
b 185
b 186
b 187
b 188
b 189
b 190
b 191
b 192
b 193
b 194
b 195
b 196
b 197
b 198
b 199
b 200
b 201
b 202
b 203
b 204
b 205
b 206
b 207
b 208
b 209
b 210
b 211
b 212
b 213
b 214
b 215
b 216
b 217
b 218
b 219
b 220
b 221
b 222
b 223
b 224
b 225
b 226
b 227
b 228
b 229
b 230
b 231
b 232
b 233
b 234
b 235
b 236
b 237
b 238
b 239
b 240
b 241
b 242
b 243
b 244
b 245
b 246
b 247
b 248
b 249
b 250
b 251
b 252
b 253
b 254
b 255
b 256
b 257
b 258
b 259
b 260
b 261
b 262
b 263
b 264
b 265
b 266
b 267
b 268
b 269
b 270
b 271
b 272
b 273
b 274
b 275
b 276
b 277
b 278
b 279
b 280
b 281
b 282
b 283
b 284
b 285
b 286
b 287
b 288
b 289
b 290
b 291
b 292
b 293
b 294
b 295
b 296
b 297
b 298
b 299
b 300
b 301
b 302
b 303
b 304
b 305
b 306
b 307
b 308
b 309
b 310
b 311
b 312
b 313
b 314
b 315
b 316
b 317
b 318
b 319
b 320
b 321
b 322
b 323
b 324
b 325
b 326
b 327
b 328
b 329
b 330
b 331
b 332
b 333
b 334
b 335
b 336
b 337
b 338
b 339
b 340
b 341
b 342
b 343
b 344
b 345
b 346
b 347
b 348
b 349
b 350
b 351
b 352
b 353
b 354
b 355
b 356
b 357
b 358
b 359
b 360
b 361
b 362
b 363
b 364
b 365
b 366
b 367
b 368
b 369
b 370
b 371
b 372
b 373
b 374
b 375
b 376
b 377
b 378
b 379
b 380
b 381
b 382
b 383
b 384
b 385
b 386
b 387
b 388
b 389
b 390
b 391
b 392
b 393
b 394
b 395
b 396
b 397
b 398
b 399
b 400
b 401
b 402
b 403
b 404
b 405
b 406
b 407
b 408
b 409
b 410
b 411
b 412
b 413
b 414
b 415
b 416
b 417
b 418
b 419
b 420
b 421
b 422
b 423
b 424
b 425
b 426
b 427
b 428
b 429
b 430
b 431
b 432
b 433
b 434
b 435
b 436
b 437
b 438
b 439
b 440
b 441
b 442
b 443
b 444
b 445
b 446
b 447
b 448
b 449
b 450
b 451
b 452
b 453
b 454
b 455
b 456
b 457
b 458
b 459
b 460
b 461
b 462
b 463
b 464
b 465
b 466
b 467
b 468
b 469
b 470
b 471
b 472
b 473
b 474
b 475
b 476
b 477
b 478
b 479
b 480
b 481
b 482
b 483
b 484
b 485
b 486
b 487
b 488
b 489
b 490
b 491
b 492
b 493
b 494
b 495
b 496
b 497
b 498
b 499
b 500
b 501
b 502
b 503
b 504
b 505
b 506
b 507
b 508
b 509
b 510
b 511
b 512
b 513
b 514
b 515
b 516
b 517
b 518
b 519
b 520
b 521
b 522
b 523
b 524
b 525
b 526
b 527
b 528
b 529
b 530
b 531
b 532
b 533
b 534
b 535
b 536
b 537
b 538
b 539
b 540
b 541
b 542
b 543
b 544
b 545
b 546
b 547
b 548
b 549
b 550
b 551
b 552
b 553
b 554
b 555
b 556
b 557
b 558
b 559
b 560
b 561
b 562
b 563
b 564
b 565
b 566
b 567
b 568
b 569
b 570
b 571
b 572
b 573
b 574
b 575
b 576
b 577
b 578
b 579
b 580
b 581
b 582
b 583
b 584
b 585
b 586
b 587
b 588
b 589
b 590
b 591
b 592
b 593
b 594
b 595
b 596
b 597
b 598
b 599
b 600
b 601
b 602
b 603
b 604
b 605
b 606
b 607
b 608
b 609
b 610
b 611
b 612
b 613
b 614
b 615
b 616
b 617
b 618
b 619
b 620
b 621
b 622
b 623
b 624
b 625
b 626
b 627
b 628
b 629
b 630
b 631
b 632
b 633
b 634
b 635
b 636
b 637
b 638
b 639
b 640
b 641
b 642
b 643
b 644
b 645
b 646
b 647
b 648
b 649
b 650
b 651
b 652
b 653
b 654
b 655
b 656
b 657
b 658
b 659
b 660
b 661
b 662
b 663
b 664
b 665
b 666
b 667
b 668
b 669
b 670
b 671
b 672
b 673
b 674
b 675
b 676
b 677
b 678
b 679
b 680
b 681
b 682
b 683
b 684
b 685
b 686
b 687
b 688
b 689
b 690
b 691
b 692
b 693
b 694
b 695
b 696
b 697
b 698
b 699
b 700
b 701
b 702
b 703
b 704
b 705
b 706
b 707
b 708
b 709
b 710
b 711
b 712
b 713
b 714
b 715
b 716
b 717
b 718
b 719
b 720
b 721
b 722
b 723
b 724
b 725
b 726
b 727
b 728
b 729
b 730
b 731
b 732
b 733
b 734
b 735
b 736
b 737
b 738
b 739
b 740
b 741
b 742
b 743
b 744
b 745
b 746
b 747
b 748
b 749
b 750
b 751
b 752
b 753
b 754
b 755
b 756
b 757
b 758
b 759
b 760
b 761
b 762
b 763
b 764
b 765
b 766
b 767
b 768
b 769
b 770
b 771
b 772
b 773
b 774
b 775
b 776
b 777
b 778
b 779
b 780
b 781
b 782
b 783
b 784
b 785
b 786
b 787
b 788
b 789
b 790
b 791
b 792
b 793
b 794
b 795
b 796
b 797
b 798
b 799
b 800
b 801
b 802
b 803
b 804
b 805
b 806
b 807
b 808
b 809
b 810
b 811
b 812
b 813
b 814
b 815
b 816
b 817
b 818
b 819
b 820
b 821
b 822
b 823
b 824
b 825
b 826
b 827
b 828
b 829
b 830
b 831
b 832
b 833
b 834
b 835
b 836
b 837
b 838
b 839
b 840
b 841
b 842
b 843
b 844
b 845
b 846
b 847
b 848
b 849
b 850
b 851
b 852
b 853
b 854
b 855
b 856
b 857
b 858
b 859
b 860
b 861
b 862
b 863
b 864
b 865
b 866
b 867
b 868
b 869
b 870
b 871
b 872
b 873
b 874
b 875
b 876
b 877
b 878
b 879
b 880
b 881
b 882
b 883
b 884
b 885
b 886
b 887
b 888
b 889
b 890
b 891
b 892
b 893
b 894
b 895
b 896
b 897
b 898
b 899
b 900
b 901
b 902
b 903
b 904
b 905
b 906
b 907
b 908
b 909
b 910
b 911
b 912
b 913
b 914
b 915
b 916
b 917
b 918
b 919
b 920
b 921
b 922
b 923
b 924
b 925
b 926
b 927
b 928
b 929
b 930
b 931
b 932
b 933
b 934
b 935
b 936
b 937
b 938
b 939
b 940
b 941
b 942
b 943
b 944
b 945
b 946
b 947
b 948
b 949
b 950
b 951
b 952
b 953
b 954
b 955
b 956
b 957
b 958
b 959
b 960
b 961
b 962
b 963
b 964
b 965
b 966
b 967
b 968
b 969
b 970
b 971
b 972
b 973
b 974
b 975
b 976
b 977
b 978
b 979
b 980
b 981
b 982
b 983
b 984
b 985
b 986
b 987
b 988
b 989
b 990
b 991
b 992
b 993
b 994
b 995
b 996
b 997
b 998
b 999
b 1000
d 3 1
d 2 1
d 2 2
d 2 3
d 2 4
d 3 2
d 3 3
d 1 1
d 1 2
d 1 3
d 1 4
d 1 5
d 1 6
d 1 7
d 1 8
d 1 9
d 1 10
d 1 11
d 1 12
d 1 13
d 1 14
d 1 15
d 1 16
d 1 17
d 1 18
d 1 19
d 1 20
d 1 21
d 1 22
d 1 23
d 1 24
d 1 25
d 1 26
d 1 27
d 1 28
d 1 29
d 1 30
d 1 31
d 1 32
d 1 33
d 1 34
d 1 35
d 1 36
d 1 37
d 1 38
d 1 39
d 1 40
d 1 41
d 1 42
d 1 43
d 1 44
d 1 45
d 1 46
d 1 47
d 1 48
d 1 49
d 1 50
d 1 51
d 1 52
d 1 53
d 1 54
d 1 55
d 1 56
d 3 4
d 3 5
d 3 6
d 3 7
d 3 8
d 3 9
d 3 10
d 3 11
d 3 12
d 3 13
d 3 14
d 3 15
d 3 16
d 3 17
d 3 18
d 3 19
d 3 20
d 3 21
d 3 22
d 3 23
d 3 24
d 3 25
d 3 26
d 3 27
d 3 28
d 3 29
d 3 30
d 3 31
d 3 32
d 3 33
d 3 34
d 3 35
d 3 36
d 3 37
d 3 38
d 3 39
d 3 40
d 3 41
d 3 42
d 3 43
d 3 44
d 3 45
d 3 46
d 3 47
d 3 48
d 3 49
d 3 50
d 3 51
d 3 52
d 3 53
d 3 54
d 3 55
d 3 56
d 3 57
d 3 58
d 3 59
d 3 60
d 3 61
d 3 62
d 3 63
d 3 64
d 3 65
d 3 66
d 3 67
d 1 57
d 1 58
d 1 59
d 1 60
d 1 61
d 1 62
d 1 63
d 1 64
d 1 65
d 1 66
d 1 67
d 1 68
d 1 69
d 1 70
d 1 71
d 1 72
d 1 73
d 1 74
d 1 75
d 1 76
d 1 77
d 1 78
d 1 79
d 1 80
d 1 81
d 1 82
d 1 83
d 1 84
d 1 85
d 1 86
d 1 87
d 1 88
d 1 89
d 1 90
d 1 91
d 1 92
d 1 93
d 1 94
d 1 95
d 1 96
d 1 97
d 1 98
d 1 99
d 1 100
d 1 101
d 1 102
d 1 103
d 1 104
d 1 105
d 1 106
d 1 107
d 1 108
d 1 109
d 1 110
d 1 111
d 1 112
d 1 113
d 1 114
d 1 115
d 1 116
d 1 117
d 1 118
d 1 119
d 1 120
d 1 121
d 1 122
d 1 123
d 1 124
d 1 125
d 1 126
d 1 127
d 1 128
d 1 129
d 1 130
d 1 131
d 1 132
d 1 133
d 1 134
d 1 135
d 1 136
d 1 137
d 1 138
d 1 139
d 1 140
d 1 141
d 1 142
d 1 143
d 1 144
d 1 145
d 1 146
d 1 147
d 1 148
d 2 5
d 2 6
d 2 7
d 2 8
d 2 9
d 2 10
d 2 11
d 2 12
d 2 13
d 2 14
d 2 15
d 2 16
d 2 17
d 2 18
d 2 19
d 2 20
d 2 21
d 2 22
d 2 23
d 2 24
d 2 25
d 2 26
d 2 27
d 2 28
d 2 29
d 2 30
d 2 31
d 2 32
d 2 33
d 2 34
d 2 35
d 2 36
d 2 37
d 2 38
d 2 39
d 2 40
d 2 41
d 2 42
d 2 43
d 2 44
d 2 45
d 2 46
d 2 47
d 2 48
d 2 49
d 2 50
d 2 51
d 2 52
d 2 53
d 2 54
d 2 55
d 2 56
d 2 57
d 2 58
d 2 59
d 2 60
d 2 61
d 2 62
d 2 63
d 2 64
d 2 65
d 2 66
d 2 67
d 2 68
d 2 69
d 2 70
d 2 71
d 2 72
d 2 73
d 2 74
d 2 75
d 2 76
d 2 77
d 2 78
d 2 79
d 2 80
d 2 81
d 2 82
d 2 83
d 2 84
d 2 85
d 2 86
d 2 87
d 2 88
d 2 89
d 2 90
d 2 91
d 2 92
d 2 93
d 2 94
d 2 95
d 2 96
d 2 97
d 2 98
d 2 99
d 2 100
d 2 101
d 2 102
d 2 103
d 2 104
d 2 105
d 2 106
d 2 107
d 2 108
d 2 109
d 2 110
d 2 111
d 2 112
d 2 113
d 2 114
d 2 115
d 2 116
d 2 117
d 2 118
d 2 119
d 2 120
d 2 121
d 2 122
d 2 123
d 2 124
d 2 125
d 2 126
d 2 127
d 2 128
d 2 129
d 2 130
d 2 131
d 2 132
d 2 133
d 2 134
d 2 135
d 2 136
d 2 137
d 2 138
d 2 139
d 2 140
d 2 141
d 2 142
d 2 143
d 2 144
d 2 145
d 2 146
d 2 147
d 2 148
d 2 149
d 2 150
d 2 151
d 2 152
d 2 153
d 2 154
d 2 155
d 2 156
d 2 157
d 2 158
d 2 159
d 2 160
d 2 161
d 2 162
d 2 163
d 2 164
d 1 149
d 1 150
d 1 151
d 1 152
d 1 153
d 1 154
d 1 155
d 1 156
d 1 157
d 1 158
d 1 159
d 1 160
d 1 161
d 1 162
d 1 163
d 1 164
d 1 165
d 1 166
d 1 167
d 1 168
d 1 169
d 1 170
d 1 171
d 1 172
d 1 173
d 1 174
d 1 175
d 1 176
d 2 165
d 2 166
d 2 167
d 2 168
d 2 169
d 2 170
d 2 171
d 2 172
d 2 173
d 2 174
d 2 175
d 2 176
d 2 177
d 2 178
d 2 179
d 2 180
d 2 181
d 2 182
d 2 183
d 2 184
d 2 185
d 2 186
d 2 187
d 2 188
d 2 189
d 2 190
d 2 191
d 2 192
d 2 193
d 2 194
d 2 195
d 2 196
d 2 197
d 2 198
d 2 199
d 2 200
d 2 201
d 2 202
d 2 203
d 2 204
d 2 205
d 2 206
d 2 207
d 2 208
d 2 209
d 2 210
d 2 211
d 2 212
d 2 213
d 2 214
d 2 215
d 2 216
d 2 217
d 2 218
d 2 219
d 2 220
d 2 221
d 2 222
d 2 223
d 2 224
d 2 225
d 2 226
d 2 227
d 2 228
d 2 229
d 2 230
d 2 231
d 2 232
d 2 233
d 2 234
d 2 235
d 2 236
d 2 237
d 2 238
d 2 239
d 2 240
d 2 241
d 2 242
d 2 243
d 2 244
d 2 245
d 2 246
d 2 247
d 2 248
d 2 249
d 2 250
d 2 251
d 2 252
d 2 253
d 2 254
d 2 255
d 2 256
d 2 257
d 2 258
d 2 259
d 2 260
d 2 261
d 2 262
d 2 263
d 2 264
d 2 265
d 2 266
d 2 267
d 2 268
d 2 269
d 2 270
d 2 271
d 2 272
d 2 273
d 2 274
d 2 275
d 2 276
d 2 277
d 2 278
d 2 279
d 2 280
d 2 281
d 2 282
d 2 283
d 2 284
d 2 285
d 2 286
d 2 287
d 2 288
d 2 289
d 2 290
d 2 291
d 2 292
d 2 293
d 2 294
d 2 295
d 2 296
d 2 297
d 2 298
d 2 299
d 2 300
d 2 301
d 2 302
d 2 303
d 2 304
d 2 305
d 2 306
d 2 307
d 2 308
d 2 309
d 2 310
d 2 311
d 2 312
d 2 313
d 2 314
d 2 315
d 2 316
d 2 317
d 2 318
d 2 319
d 2 320
d 2 321
d 2 322
d 2 323
d 2 324
d 2 325
d 2 326
d 2 327
d 2 328
d 2 329
d 2 330
d 2 331
d 2 332
d 2 333
d 2 334
d 2 335
d 2 336
d 2 337
d 2 338
d 2 339
d 2 340
d 2 341
d 2 342
d 2 343
d 2 344
d 2 345
d 2 346
d 2 347
d 2 348
d 2 349
d 2 350
d 2 351
d 2 352
d 2 353
d 2 354
d 2 355
d 2 356
d 2 357
d 2 358
d 2 359
d 2 360
d 2 361
d 2 362
d 2 363
d 2 364
d 2 365
d 2 366
d 2 367
d 2 368
d 2 369
d 2 370
d 2 371
d 2 372
d 2 373
d 2 374
d 2 375
d 2 376
d 2 377
d 2 378
d 2 379
d 2 380
d 2 381
d 2 382
d 2 383
d 2 384
d 2 385
d 2 386
d 2 387
d 2 388
d 2 389
d 2 390
d 2 391
d 2 392
d 2 393
d 2 394
d 2 395
d 2 396
d 2 397
d 2 398
d 2 399
d 2 400
d 2 401
d 2 402
d 2 403
d 2 404
d 2 405
d 2 406
d 2 407
d 2 408
d 2 409
d 2 410
d 2 411
d 2 412
d 2 413
d 2 414
d 2 415
d 2 416
d 2 417
d 2 418
d 2 419
d 2 420
d 2 421
d 2 422
d 2 423
d 2 424
d 2 425
d 2 426
d 2 427
d 2 428
d 2 429
d 1 177
d 1 178
d 1 179
d 1 180
d 1 181
d 1 182
d 1 183
d 1 184
d 1 185
d 1 186
d 1 187
d 1 188
d 1 189
d 1 190
d 1 191
d 1 192
d 1 193
d 1 194
d 1 195
d 1 196
d 1 197
d 1 198
d 1 199
d 1 200
d 1 201
d 1 202
d 1 203
d 1 204
d 1 205
d 1 206
d 1 207
d 1 208
d 1 209
d 1 210
d 1 211
d 1 212
d 1 213
d 1 214
d 1 215
d 1 216
d 1 217
d 1 218
d 1 219
d 1 220
d 1 221
d 1 222
d 1 223
d 1 224
d 1 225
d 1 226
d 1 227
d 1 228
d 1 229
d 1 230
d 1 231
d 1 232
d 1 233
d 1 234
d 1 235
d 1 236
d 1 237
d 1 238
d 1 239
d 1 240
d 1 241
d 1 242
d 1 243
d 1 244
d 1 245
d 1 246
d 1 247
d 1 248
d 1 249
d 1 250
d 1 251
d 1 252
d 1 253
d 1 254
d 1 255
d 1 256
d 1 257
d 1 258
d 1 259
d 1 260
d 1 261
d 1 262
d 1 263
d 1 264
d 1 265
d 1 266
d 1 267
d 1 268
d 1 269
d 1 270
d 1 271
d 1 272
d 1 273
d 1 274
d 1 275
d 1 276
d 1 277
d 1 278
d 1 279
d 1 280
d 1 281
d 1 282
d 1 283
d 1 284
d 1 285
d 1 286
d 1 287
d 1 288
d 1 289
d 1 290
d 1 291
d 1 292
d 1 293
d 1 294
d 1 295
d 1 296
d 1 297
d 1 298
d 1 299
d 1 300
d 1 301
d 1 302
d 1 303
d 1 304
d 1 305
d 1 306
d 1 307
d 1 308
d 1 309
d 1 310
d 1 311
d 1 312
d 1 313
d 1 314
d 1 315
d 1 316
d 1 317
d 1 318
d 1 319
d 1 320
d 1 321
d 1 322
d 1 323
d 1 324
d 1 325
d 1 326
d 1 327
d 1 328
d 1 329
d 1 330
d 1 331
d 1 332
d 1 333
d 1 334
d 1 335
d 1 336
d 1 337
d 1 338
d 1 339
d 1 340
d 1 341
d 1 342
d 1 343
d 1 344
d 1 345
d 1 346
d 1 347
d 1 348
d 1 349
d 1 350
d 1 351
d 1 352
d 1 353
d 1 354
d 1 355
d 1 356
d 1 357
d 1 358
d 1 359
d 1 360
d 1 361
d 1 362
d 1 363
d 1 364
d 1 365
d 1 366
d 1 367
d 1 368
d 1 369
d 1 370
d 1 371
d 1 372
d 1 373
d 1 374
d 1 375
d 1 376
d 1 377
d 1 378
d 1 379
d 1 380
d 1 381
d 1 382
d 1 383
d 1 384
d 1 385
d 1 386
d 1 387
d 1 388
d 1 389
d 1 390
d 1 391
d 1 392
d 1 393
d 1 394
d 1 395
d 1 396
d 1 397
d 1 398
d 1 399
d 1 400
d 1 401
d 1 402
d 1 403
d 1 404
d 1 405
d 1 406
d 1 407
d 1 408
d 1 409
d 1 410
d 1 411
d 1 412
d 1 413
d 1 414
d 1 415
d 1 416
d 1 417
d 1 418
d 1 419
d 1 420
d 1 421
d 1 422
d 1 423
d 1 424
d 1 425
d 1 426
d 1 427
d 1 428
d 1 429
d 1 430
d 1 431
d 1 432
d 1 433
d 1 434
d 1 435
d 1 436
d 1 437
d 1 438
d 1 439
d 1 440
d 1 441
d 1 442
d 1 443
d 1 444
d 1 445
d 1 446
d 1 447
d 1 448
d 1 449
d 1 450
d 1 451
d 1 452
d 1 453
d 1 454
d 1 455
d 1 456
d 1 457
d 1 458
d 1 459
d 1 460
d 1 461
d 1 462
d 1 463
d 1 464
d 1 465
d 1 466
d 1 467
d 1 468
d 1 469
d 1 470
d 1 471
d 1 472
d 1 473
d 1 474
d 1 475
d 1 476
d 1 477
d 1 478
d 1 479
d 1 480
d 1 481
d 1 482
d 1 483
d 1 484
d 1 485
d 1 486
d 1 487
d 1 488
d 1 489
d 1 490
d 1 491
d 1 492
d 1 493
d 1 494
d 1 495
d 1 496
d 1 497
d 1 498
d 1 499
d 1 500
d 1 501
d 1 502
d 1 503
d 1 504
d 1 505
d 1 506
d 1 507
d 1 508
d 1 509
d 1 510
d 1 511
d 1 512
d 1 513
d 1 514
d 1 515
d 1 516
d 1 517
d 1 518
d 1 519
d 1 520
d 1 521
d 1 522
d 1 523
d 1 524
d 1 525
d 1 526
d 1 527
d 1 528
d 1 529
d 1 530
d 1 531
d 1 532
d 1 533
d 1 534
d 1 535
d 1 536
d 1 537
d 1 538
d 1 539
d 1 540
d 1 541
d 1 542
d 1 543
d 1 544
d 1 545
d 1 546
d 1 547
d 1 548
d 1 549
d 1 550
d 1 551
d 1 552
d 1 553
d 1 554
d 1 555
d 1 556
d 1 557
d 1 558
d 1 559
d 1 560
d 1 561
d 1 562
d 1 563
d 1 564
d 1 565
d 1 566
d 1 567
d 1 568
d 1 569
d 1 570
d 1 571
d 1 572
d 1 573
d 1 574
d 1 575
d 1 576
d 1 577
d 1 578
d 1 579
d 1 580
d 1 581
d 1 582
d 1 583
d 1 584
d 1 585
d 1 586
d 1 587
d 1 588
d 1 589
d 1 590
d 1 591
d 1 592
d 1 593
d 1 594
d 1 595
d 1 596
d 1 597
d 1 598
d 1 599
d 1 600
d 1 601
d 1 602
d 1 603
d 1 604
d 1 605
d 1 606
d 1 607
d 1 608
d 1 609
d 1 610
d 1 611
d 1 612
d 1 613
d 1 614
d 1 615
d 1 616
d 1 617
d 1 618
d 1 619
d 1 620
d 1 621
d 1 622
d 1 623
d 1 624
d 1 625
d 1 626
d 1 627
d 1 628
d 1 629
d 1 630
d 1 631
d 1 632
d 1 633
d 1 634
d 1 635
d 1 636
d 1 637
d 1 638
d 1 639
d 1 640
d 1 641
d 1 642
d 1 643
d 1 644
d 1 645
d 1 646
d 1 647
d 1 648
d 1 649
d 1 650
d 1 651
d 1 652
d 1 653
d 1 654
d 1 655
d 1 656
d 1 657
d 1 658
d 1 659
d 1 660
d 1 661
d 1 662
d 1 663
d 1 664
d 1 665
d 1 666
d 1 667
d 1 668
d 1 669
d 1 670
d 1 671
d 1 672
d 1 673
d 1 674
d 1 675
d 1 676
d 1 677
d 1 678
d 1 679
d 1 680
d 1 681
d 1 682
d 1 683
d 1 684
d 1 685
d 1 686
d 1 687
d 1 688
d 1 689
d 1 690
d 1 691
d 1 692
d 1 693
d 1 694
d 1 695
d 1 696
d 1 697
d 1 698
d 1 699
d 1 700
d 1 701
d 1 702
d 1 703
d 1 704
d 1 705
d 1 706
d 1 707
d 1 708
d 1 709
d 1 710
d 1 711
d 1 712
d 1 713
d 1 714
d 1 715
d 1 716
d 1 717
d 1 718
d 1 719
d 1 720
d 1 721
d 1 722
d 1 723
d 1 724
d 1 725
d 1 726
d 1 727
d 1 728
d 1 729
d 1 730
d 1 731
d 1 732
d 1 733
d 1 734
d 1 735
d 1 736
d 1 737
d 1 738
d 1 739
d 1 740
d 1 741
d 1 742
d 1 743
d 1 744
d 1 745
d 1 746
d 1 747
d 1 748
d 1 749
d 1 750
d 1 751
d 1 752
d 1 753
d 1 754
d 1 755
d 1 756
d 1 757
d 1 758
d 1 759
d 1 760
d 1 761
d 1 762
d 1 763
d 1 764
d 1 765
d 1 766
d 1 767
d 1 768
d 1 769
d 1 770
d 1 771
d 1 772
d 1 773
d 1 774
d 1 775
d 1 776
d 1 777
d 1 778
d 1 779
d 1 780
d 1 781
d 1 782
d 1 783
d 1 784
d 1 785
d 1 786
d 1 787
d 1 788
d 1 789
d 1 790
d 1 791
d 1 792
d 1 793
d 1 794
d 1 795
d 1 796
d 1 797
d 1 798
d 1 799
d 1 800
d 1 801
d 1 802
d 1 803
d 1 804
d 1 805
d 1 806
d 1 807
d 1 808
d 1 809
d 1 810
d 1 811
d 1 812
d 1 813
d 1 814
d 1 815
d 1 816
d 1 817
d 1 818
d 1 819
d 1 820
d 1 821
d 1 822
d 1 823
d 1 824
d 1 825
d 1 826
d 1 827
d 1 828
d 1 829
d 1 830
d 1 831
d 1 832
d 1 833
d 1 834
d 1 835
d 1 836
d 1 837
d 1 838
d 1 839
d 1 840
d 1 841
d 1 842
d 1 843
d 1 844
d 1 845
d 1 846
d 1 847
d 1 848
d 1 849
d 1 850
d 1 851
d 1 852
d 1 853
d 1 854
d 1 855
d 1 856
d 1 857
d 1 858
d 1 859
d 1 860
d 1 861
d 1 862
d 1 863
d 1 864
d 1 865
d 1 866
d 1 867
d 1 868
d 1 869
d 1 870
d 1 871
d 1 872
d 1 873
d 1 874
d 1 875
d 1 876
d 1 877
d 1 878
d 1 879
d 1 880
d 1 881
d 1 882
d 1 883
d 1 884
d 1 885
d 1 886
d 1 887
d 1 888
d 1 889
d 1 890
d 1 891
d 1 892
d 1 893
d 1 894
d 1 895
d 1 896
d 1 897
d 1 898
d 1 899
d 1 900
d 1 901
d 1 902
d 1 903
d 1 904
d 1 905
d 1 906
d 1 907
d 1 908
d 1 909
d 1 910
d 1 911
d 1 912
d 1 913
d 1 914
d 1 915
d 1 916
d 1 917
d 1 918
d 1 919
d 1 920
d 1 921
d 1 922
d 1 923
d 1 924
d 1 925
d 1 926
d 1 927
d 1 928
d 1 929
d 1 930
d 1 931
d 1 932
d 1 933
d 1 934
d 1 935
d 1 936
d 1 937
d 1 938
d 1 939
d 1 940
d 1 941
d 1 942
d 1 943
d 1 944
d 1 945
d 1 946
d 1 947
d 1 948
d 1 949
d 1 950
d 1 951
d 1 952
d 1 953
d 1 954
d 1 955
d 1 956
d 1 957
d 1 958
d 1 959
d 1 960
d 2 430
d 2 431
d 2 432
d 2 433
d 2 434
d 2 435
d 2 436
d 2 437
d 2 438
d 2 439
d 2 440
d 2 441
d 2 442
d 2 443
d 2 444
d 2 445
d 2 446
d 2 447
d 2 448
d 2 449
d 2 450
d 2 451
d 2 452
d 2 453
d 2 454
d 2 455
d 2 456
d 2 457
d 2 458
d 2 459
d 2 460
d 2 461
d 2 462
d 2 463
d 2 464
d 2 465
d 2 466
d 2 467
d 2 468
d 2 469
d 2 470
d 2 471
d 2 472
d 2 473
d 2 474
d 2 475
d 2 476
d 2 477
d 2 478
d 2 479
d 2 480
d 2 481
d 2 482
d 2 483
d 2 484
d 2 485
d 2 486
d 2 487
d 2 488
d 2 489
d 2 490
d 2 491
d 2 492
d 2 493
d 2 494
d 2 495
d 2 496
d 2 497
d 2 498
d 2 499
d 2 500
d 2 501
d 2 502
d 2 503
d 2 504
d 2 505
d 2 506
d 2 507
d 2 508
d 2 509
d 2 510
d 2 511
d 2 512
d 2 513
d 2 514
d 2 515
d 2 516
d 2 517
d 2 518
d 2 519
d 2 520
d 2 521
d 2 522
d 2 523
d 2 524
d 2 525
d 2 526
d 2 527
d 2 528
d 2 529
d 2 530
d 2 531
d 2 532
d 2 533
d 2 534
d 2 535
d 2 536
d 2 537
d 2 538
d 2 539
d 2 540
d 2 541
d 2 542
d 2 543
d 2 544
d 1 961
d 1 962
d 1 963
d 1 964
d 1 965
d 1 966
d 1 967
d 1 968
d 1 969
d 1 970
d 1 971
d 1 972
d 1 973
d 1 974
d 1 975
d 1 976
d 1 977
d 1 978
d 1 979
d 1 980
d 1 981
d 1 982
d 1 983
d 1 984
d 1 985
d 1 986
d 1 987
d 1 988
d 1 989
d 1 990
d 1 991
d 1 992
d 1 993
d 1 994
d 1 995
d 1 996
d 1 997
d 1 998
d 1 999
d 1 1000
d 2 545
d 2 546
d 2 547
d 2 548
d 2 549
d 2 550
d 2 551
d 2 552
d 2 553
d 2 554
d 2 555
d 2 556
d 2 557
d 2 558
d 2 559
d 2 560
d 2 561
d 2 562
d 2 563
d 2 564
d 2 565
d 2 566
d 2 567
d 2 568
d 2 569
d 2 570
d 2 571
d 2 572
d 2 573
d 2 574
d 2 575
d 2 576
d 2 577
d 2 578
d 2 579
d 2 580
d 2 581
d 2 582
d 2 583
d 2 584
d 2 585
d 2 586
d 2 587
d 2 588
d 2 589
d 2 590
d 2 591
d 2 592
d 2 593
d 2 594
d 2 595
d 2 596
d 2 597
d 2 598
d 2 599
d 2 600
d 2 601
d 2 602
d 2 603
d 2 604
d 2 605
d 2 606
d 2 607
d 2 608
d 2 609
d 2 610
d 2 611
d 2 612
d 2 613
d 2 614
d 2 615
d 2 616
d 2 617
d 2 618
d 2 619
d 2 620
d 2 621
d 2 622
d 2 623
d 2 624
d 2 625
d 2 626
d 2 627
d 2 628
d 2 629
d 2 630
d 2 631
d 2 632
d 2 633
d 2 634
d 2 635
d 2 636
d 2 637
d 2 638
d 2 639
d 2 640
d 2 641
d 2 642
d 2 643
d 2 644
d 2 645
d 2 646
d 2 647
d 2 648
d 2 649
d 2 650
d 2 651
d 2 652
d 2 653
d 2 654
d 2 655
d 2 656
d 2 657
d 2 658
d 2 659
d 2 660
d 2 661
d 2 662
d 2 663
d 2 664
d 2 665
d 2 666
d 2 667
d 2 668
d 2 669
d 2 670
d 2 671
d 2 672
d 2 673
d 2 674
d 2 675
d 2 676
d 2 677
d 2 678
d 2 679
d 2 680
d 2 681
d 2 682
d 2 683
d 2 684
d 2 685
d 2 686
d 2 687
d 2 688
d 2 689
d 2 690
d 2 691
d 2 692
d 2 693
d 2 694
d 2 695
d 2 696
d 2 697
d 2 698
d 2 699
d 2 700
d 2 701
d 2 702
d 2 703
d 2 704
d 2 705
d 2 706
d 2 707
d 2 708
d 2 709
d 2 710
d 2 711
d 2 712
d 2 713
d 2 714
d 2 715
d 2 716
d 2 717
d 2 718
d 2 719
d 2 720
d 2 721
d 2 722
d 2 723
d 2 724
d 2 725
d 2 726
d 2 727
d 2 728
d 2 729
d 2 730
d 2 731
d 2 732
d 2 733
d 2 734
d 2 735
d 2 736
d 2 737
d 2 738
d 2 739
d 2 740
d 2 741
d 2 742
d 2 743
d 2 744
d 2 745
d 2 746
d 2 747
d 2 748
d 2 749
d 2 750
d 2 751
d 2 752
d 2 753
d 2 754
d 2 755
d 2 756
d 2 757
d 2 758
d 2 759
d 2 760
d 2 761
d 2 762
d 2 763
d 2 764
d 2 765
d 2 766
d 2 767
d 2 768
d 2 769
d 2 770
d 2 771
d 2 772
d 2 773
d 2 774
d 2 775
d 2 776
d 2 777
d 2 778
d 2 779
d 2 780
d 2 781
d 2 782
d 2 783
d 2 784
d 2 785
d 2 786
d 2 787
d 2 788
d 2 789
d 2 790
d 2 791
d 2 792
d 2 793
d 2 794
d 2 795
d 2 796
d 2 797
d 2 798
d 2 799
d 2 800
d 2 801
d 2 802
d 2 803
d 2 804
d 2 805
d 2 806
d 2 807
d 2 808
d 2 809
d 2 810
d 2 811
d 2 812
d 2 813
d 2 814
d 2 815
d 2 816
d 2 817
d 2 818
d 2 819
d 2 820
d 2 821
d 2 822
d 2 823
d 2 824
d 2 825
d 2 826
d 2 827
d 2 828
d 2 829
d 2 830
d 2 831
d 2 832
d 2 833
d 2 834
d 2 835
d 2 836
d 2 837
d 2 838
d 2 839
d 2 840
d 2 841
d 2 842
d 2 843
d 2 844
d 2 845
d 2 846
d 2 847
d 2 848
d 2 849
d 2 850
d 2 851
d 2 852
d 2 853
d 2 854
d 2 855
d 2 856
d 2 857
d 2 858
d 2 859
d 2 860
d 2 861
d 2 862
d 2 863
d 2 864
d 2 865
d 2 866
d 2 867
d 2 868
d 2 869
d 2 870
d 2 871
d 2 872
d 2 873
d 2 874
d 2 875
d 2 876
d 2 877
d 2 878
d 2 879
d 2 880
d 2 881
d 2 882
d 2 883
d 2 884
d 2 885
d 2 886
d 2 887
d 2 888
d 2 889
d 2 890
d 2 891
d 2 892
d 2 893
d 2 894
d 2 895
d 2 896
d 2 897
d 2 898
d 2 899
d 2 900
d 2 901
d 2 902
d 2 903
d 2 904
d 2 905
d 2 906
d 2 907
d 2 908
d 2 909
d 2 910
d 2 911
d 2 912
d 2 913
d 2 914
d 2 915
d 2 916
d 2 917
d 2 918
d 2 919
d 2 920
d 2 921
d 2 922
d 2 923
d 2 924
d 2 925
d 2 926
d 2 927
d 2 928
d 2 929
d 2 930
d 2 931
d 2 932
d 2 933
d 2 934
d 2 935
d 2 936
d 2 937
d 2 938
d 2 939
d 2 940
d 2 941
d 2 942
d 2 943
d 2 944
d 2 945
d 2 946
d 2 947
d 2 948
d 2 949
d 2 950
d 2 951
d 2 952
d 2 953
d 2 954
d 2 955
d 2 956
d 2 957
d 2 958
d 2 959
d 2 960
d 2 961
d 2 962
d 2 963
d 2 964
d 2 965
d 2 966
d 2 967
d 2 968
d 2 969
d 2 970
d 2 971
d 2 972
d 2 973
d 2 974
d 2 975
d 2 976
d 2 977
d 2 978
d 2 979
d 2 980
d 2 981
d 2 982
d 2 983
d 2 984
d 2 985
d 2 986
d 2 987
d 2 988
d 2 989
d 2 990
d 2 991
d 2 992
d 2 993
d 2 994
d 2 995
d 2 996
d 2 997
d 2 998
d 2 999
d 2 1000
