Source files that end in .c will be compiled automatically with gcc,
while source files that end in .cpp will be compiled automatically with g++.
For those that prefer C, they can either use the provided C++
argument parser and write everything else in C, or delete the
provided main.cpp and start from scratch.
Those who have both .c and .cpp files should ensure to have a compatible ABI when calling C functions from C++ (see `hello.h` on how to do this).

My PID: 169148
From a new terminal type `kill -SIGINT 169148` or `kill -SIGTERM 169148` to stop processing packets

My ID: 3

List of resolved hosts is:
==========================
1
Human-readable IP: 127.0.0.1
Machine-readable IP: 16777343
Human-readbale Port: 11001
Machine-readbale Port: 63786

2
Human-readable IP: 127.0.0.1
Machine-readable IP: 16777343
Human-readbale Port: 11002
Machine-readbale Port: 64042

3
Human-readable IP: 127.0.0.1
Machine-readable IP: 16777343
Human-readbale Port: 11003
Machine-readbale Port: 64298


Path to output:
===============
/home/sophie/Documents/EPFL/MA2/DA_CS451/project/example/output/proc03.output

Path to config:
===============
../example/output/config

Doing some initialization...

Broadcasting and delivering messages...

FIFO broadcasts (3,1)
FIFO broadcasts (3,2)
FIFO broadcasts (3,3)
FIFO broadcasts (3,4)
FIFO broadcasts (3,5)
FIFO broadcasts (3,6)
FIFO broadcasts (3,7)
FIFO broadcasts (3,8)
FIFO broadcasts (3,9)
FIFO broadcasts (3,10)
FIFO broadcasts (3,11)
FIFO broadcasts (3,12)
FIFO broadcasts (3,13)
FIFO broadcasts (3,14)
FIFO broadcasts (3,15)
FIFO broadcasts (3,16)
FIFO broadcasts (3,17)
FIFO broadcasts (3,18)
FIFO broadcasts (3,19)
FIFO broadcasts (3,20)
FIFO broadcasts (3,21)
FIFO broadcasts (3,22)
FIFO broadcasts (3,23)
FIFO broadcasts (3,24)
FIFO broadcasts (3,25)
FIFO broadcasts (3,26)
FIFO broadcasts (3,27)
FIFO broadcasts (3,28)
FIFO broadcasts (3,29)
FIFO broadcasts (3,30)
FIFO broadcasts (3,31)
21 vs 48 FIFO broadcasts (3,32)
FIFO broadcasts (3,33)
FIFO broadcasts (3,34)
FIFO broadcasts (3,35)
FIFO broadcasts (3,36)
FIFO broadcasts (3,37)
FIFO broadcasts (3,38)
FIFO broadcasts (3,39)
49 vs 21 49 vs 48 49 vs 52 FIFO broadcasts (3,40)
FIFO broadcasts (3,41)
FIFO broadcasts (3,42)
FIFO broadcasts (3,43)
FIFO broadcasts (3,44)
FIFO broadcasts (3,45)
FIFO broadcasts (3,46)
FIFO broadcasts (3,47)
32 vs 21 32 vs 48 FIFO broadcasts (3,48)
FIFO broadcasts (3,49)
FIFO broadcasts (3,50)
FIFO broadcasts (3,51)
FIFO broadcasts (3,52)
63 vs 58 63 vs 59 63 vs 62 63 vs 64 FIFO broadcasts (3,53)
FIFO broadcasts (3,54)
FIFO broadcasts (3,55)
42 vs 21 42 vs 32 42 vs 48 FIFO broadcasts (3,56)
FIFO broadcasts (3,57)
FIFO broadcasts (3,58)
FIFO broadcasts (3,59)
FIFO broadcasts (3,60)
FIFO broadcasts (3,61)
FIFO broadcasts (3,62)
53 vs 21 53 vs 32 53 vs 42 53 vs 48 53 vs 49 53 vs 52 53 vs 54 FIFO broadcasts (3,63)
FIFO broadcasts (3,64)
FIFO broadcasts (3,65)
FIFO broadcasts (3,66)
FIFO broadcasts (3,67)
58 vs 21 58 vs 32 58 vs 42 58 vs 48 58 vs 49 58 vs 52 58 vs 53 58 vs 54 58 vs 55 58 vs 59 FIFO broadcasts (3,68)
FIFO broadcasts (3,69)
15 vs 2 15 vs 7 15 vs 9 15 vs 14 15 vs 16 FIFO broadcasts (3,70)
FIFO broadcasts (3,71)
FIFO broadcasts (3,72)
FIFO broadcasts (3,73)
FIFO broadcasts (3,74)
FIFO broadcasts (3,75)
FIFO broadcasts (3,76)
FIFO broadcasts (3,77)
60 vs 21 60 vs 32 60 vs 42 60 vs 48 60 vs 49 60 vs 52 60 vs 53 60 vs 54 60 vs 55 60 vs 58 60 vs 59 60 vs 61 FIFO broadcasts (3,78)
FIFO broadcasts (3,79)
8 vs 2 8 vs 7 8 vs 9 FIFO broadcasts (3,80)
FIFO broadcasts (3,81)
FIFO broadcasts (3,82)
FIFO broadcasts (3,83)
FIFO broadcasts (3,84)
FIFO broadcasts (3,85)
10 vs 2 10 vs 7 10 vs 8 10 vs 9 10 vs 14 FIFO broadcasts (3,86)
75 vs 21 75 vs 32 75 vs 42 75 vs 48 75 vs 49 75 vs 52 75 vs 53 75 vs 54 75 vs 55 75 vs 58 75 vs 59 75 vs 60 75 vs 61 75 vs 64 75 vs 78 FIFO broadcasts (3,87)
31 vs 2 31 vs 7 31 vs 8 31 vs 9 31 vs 10 31 vs 14 31 vs 15 31 vs 16 31 vs 22 31 vs 24 31 vs 33 FIFO broadcasts (3,88)
66 vs 21 66 vs 32 66 vs 42 66 vs 48 66 vs 49 66 vs 52 66 vs 53 66 vs 54 66 vs 55 66 vs 58 66 vs 59 66 vs 60 66 vs 61 66 vs 64 66 vs 75 FIFO broadcasts (3,89)
FIFO broadcasts (3,90)
FIFO broadcasts (3,91)
74 vs 58 74 vs 59 74 vs 62 74 vs 63 74 vs 64 74 vs 65 74 vs 69 74 vs 84 36 vs 2 36 vs 7 36 vs 8 36 vs 9 36 vs 10 36 vs 14 36 vs 15 36 vs 16 36 vs 22 36 vs 24 36 vs 31 36 vs 33 36 vs 40 FIFO broadcasts (3,92)
83 vs 21 83 vs 32 83 vs 42 83 vs 48 83 vs 49 83 vs 52 83 vs 53 83 vs 54 83 vs 55 83 vs 58 83 vs 59 83 vs 60 83 vs 61 83 vs 64 83 vs 66 83 vs 75 83 vs 78 83 vs 97 FIFO broadcasts (3,93)
FIFO broadcasts (3,94)
FIFO broadcasts (3,95)
77 vs 21 77 vs 32 77 vs 42 77 vs 48 77 vs 49 77 vs 52 77 vs 53 77 vs 54 77 vs 55 77 vs 58 77 vs 59 77 vs 60 77 vs 61 77 vs 64 77 vs 66 77 vs 75 77 vs 78 FIFO broadcasts (3,96)
82 vs 58 82 vs 59 82 vs 62 82 vs 63 82 vs 64 82 vs 65 82 vs 69 82 vs 74 82 vs 84 FIFO broadcasts (3,97)
93 vs 58 93 vs 59 93 vs 62 93 vs 63 93 vs 64 93 vs 65 93 vs 69 93 vs 74 93 vs 82 93 vs 84 93 vs 85 93 vs 92 93 vs 100 FIFO broadcasts (3,98)
FIFO broadcasts (3,99)
21 vs 2 21 vs 7 21 vs 8 21 vs 9 21 vs 10 21 vs 14 21 vs 15 21 vs 16 21 vs 22 FIFO broadcasts (3,100)
94 vs 58 94 vs 59 94 vs 62 94 vs 63 94 vs 64 94 vs 65 94 vs 69 94 vs 74 94 vs 82 94 vs 84 94 vs 85 94 vs 92 94 vs 93 94 vs 100 95 vs 58 95 vs 59 95 vs 62 95 vs 63 95 vs 64 95 vs 65 95 vs 69 95 vs 74 95 vs 82 95 vs 84 95 vs 85 95 vs 92 95 vs 93 95 vs 94 95 vs 100 65 vs 2 65 vs 7 65 vs 8 65 vs 9 65 vs 10 65 vs 14 65 vs 15 65 vs 16 65 vs 21 65 vs 22 65 vs 24 65 vs 31 65 vs 33 65 vs 36 65 vs 40 65 vs 52 65 vs 57 65 vs 59 65 vs 63 65 vs 66 99 vs 58 99 vs 59 99 vs 62 99 vs 63 99 vs 64 99 vs 65 99 vs 69 99 vs 74 99 vs 82 99 vs 84 99 vs 85 99 vs 92 99 vs 93 99 vs 94 99 vs 95 99 vs 100 90 vs 21 90 vs 32 90 vs 42 90 vs 48 90 vs 49 90 vs 52 90 vs 53 90 vs 54 90 vs 55 90 vs 58 90 vs 59 90 vs 60 90 vs 61 90 vs 64 90 vs 66 90 vs 75 90 vs 77 90 vs 78 90 vs 83 90 vs 97 42 vs 2 42 vs 7 42 vs 8 42 vs 9 42 vs 10 42 vs 14 42 vs 15 42 vs 16 42 vs 21 42 vs 22 42 vs 24 42 vs 31 42 vs 33 42 vs 36 42 vs 40 42 vs 52 76 vs 2 76 vs 7 76 vs 8 76 vs 9 76 vs 10 76 vs 14 76 vs 15 76 vs 16 76 vs 21 76 vs 22 76 vs 24 76 vs 31 76 vs 33 76 vs 36 76 vs 40 76 vs 42 76 vs 52 76 vs 57 76 vs 59 76 vs 63 76 vs 65 76 vs 66 76 vs 73 76 vs 79 83 vs 2 83 vs 7 83 vs 8 83 vs 9 83 vs 10 83 vs 14 83 vs 15 83 vs 16 83 vs 21 83 vs 22 83 vs 24 83 vs 31 83 vs 33 83 vs 36 83 vs 40 83 vs 42 83 vs 52 83 vs 57 83 vs 59 83 vs 63 83 vs 65 83 vs 66 83 vs 73 83 vs 76 83 vs 79 83 vs 85 92 vs 2 92 vs 7 92 vs 8 92 vs 9 92 vs 10 92 vs 14 92 vs 15 92 vs 16 92 vs 21 92 vs 22 92 vs 24 92 vs 31 92 vs 33 92 vs 36 92 vs 40 92 vs 42 92 vs 52 92 vs 57 92 vs 59 92 vs 63 92 vs 65 92 vs 66 92 vs 73 92 vs 76 92 vs 79 92 vs 83 92 vs 85 92 vs 87 92 vs 88 92 vs 98 94 vs 2 94 vs 7 94 vs 8 94 vs 9 94 vs 10 94 vs 14 94 vs 15 94 vs 16 94 vs 21 94 vs 22 94 vs 24 94 vs 31 94 vs 33 94 vs 36 94 vs 40 94 vs 42 94 vs 52 94 vs 57 94 vs 59 94 vs 63 94 vs 65 94 vs 66 94 vs 73 94 vs 76 94 vs 79 94 vs 83 94 vs 85 94 vs 87 94 vs 88 94 vs 92 94 vs 98 72 vs 2 72 vs 7 72 vs 8 72 vs 9 72 vs 10 72 vs 14 72 vs 15 72 vs 16 72 vs 21 72 vs 22 72 vs 24 72 vs 31 72 vs 33 72 vs 36 72 vs 40 72 vs 42 72 vs 52 72 vs 57 72 vs 59 72 vs 63 72 vs 65 72 vs 66 72 vs 73 90 vs 2 90 vs 7 90 vs 8 90 vs 9 90 vs 10 90 vs 14 90 vs 15 90 vs 16 90 vs 21 90 vs 22 90 vs 24 90 vs 31 90 vs 33 90 vs 36 90 vs 40 90 vs 42 90 vs 52 90 vs 57 90 vs 59 90 vs 63 90 vs 65 90 vs 66 90 vs 72 90 vs 73 90 vs 76 90 vs 79 90 vs 83 90 vs 85 90 vs 87 90 vs 88 90 vs 92 18 vs 58 1 vs 21 FIFO --> delivers (2,1)
2 vs 21 FIFO --> delivers (2,2)
28 vs 18 28 vs 58 25 vs 18 25 vs 28 3 vs 21 FIFO --> delivers (2,3)
6 vs 21 19 vs 6 19 vs 21 34 vs 18 34 vs 25 34 vs 28 34 vs 58 10 vs 6 10 vs 19 11 vs 6 11 vs 10 11 vs 19 76 vs 18 76 vs 25 76 vs 28 76 vs 34 76 vs 58 76 vs 59 76 vs 62 76 vs 63 76 vs 64 76 vs 65 76 vs 69 76 vs 74 76 vs 82 12 vs 6 12 vs 10 12 vs 11 12 vs 19 30 vs 6 30 vs 10 30 vs 11 30 vs 12 30 vs 19 30 vs 21 30 vs 32 13 vs 2 13 vs 7 13 vs 8 13 vs 9 13 vs 10 13 vs 14 27 vs 18 27 vs 25 27 vs 28 45 vs 18 45 vs 25 45 vs 27 45 vs 28 45 vs 34 45 vs 58 61 vs 18 61 vs 25 61 vs 27 61 vs 28 61 vs 34 61 vs 45 61 vs 58 61 vs 59 61 vs 62 11 vs 2 11 vs 7 11 vs 8 11 vs 9 11 vs 10 11 vs 13 20 vs 6 20 vs 10 20 vs 11 20 vs 12 20 vs 19 20 vs 21 18 vs 2 18 vs 7 18 vs 8 18 vs 9 18 vs 10 18 vs 11 18 vs 13 18 vs 14 18 vs 15 18 vs 16 18 vs 21 30 vs 18 30 vs 25 30 vs 27 30 vs 28 30 vs 34 28 vs 6 28 vs 10 28 vs 11 28 vs 12 28 vs 19 28 vs 20 28 vs 21 28 vs 30 41 vs 18 41 vs 25 41 vs 27 41 vs 28 41 vs 30 41 vs 34 41 vs 45 46 vs 18 46 vs 25 46 vs 27 46 vs 28 46 vs 30 46 vs 34 46 vs 41 46 vs 45 46 vs 58 29 vs 6 29 vs 10 29 vs 11 29 vs 12 29 vs 19 29 vs 20 29 vs 21 29 vs 28 29 vs 30 44 vs 6 44 vs 10 44 vs 11 44 vs 12 44 vs 19 44 vs 20 44 vs 21 44 vs 28 44 vs 29 44 vs 30 44 vs 32 44 vs 42 44 vs 48 46 vs 6 46 vs 10 46 vs 11 46 vs 12 46 vs 19 46 vs 20 46 vs 21 46 vs 28 46 vs 29 46 vs 30 46 vs 32 46 vs 42 46 vs 44 46 vs 48 67 vs 18 67 vs 25 67 vs 27 67 vs 28 67 vs 30 67 vs 34 67 vs 41 67 vs 45 67 vs 46 67 vs 58 67 vs 59 67 vs 61 67 vs 62 67 vs 63 67 vs 64 67 vs 65 67 vs 69 20 vs 18 20 vs 25 68 vs 18 68 vs 20 68 vs 25 68 vs 27 68 vs 28 68 vs 30 68 vs 34 68 vs 41 68 vs 45 68 vs 46 68 vs 58 68 vs 59 68 vs 61 68 vs 62 68 vs 63 68 vs 64 68 vs 65 68 vs 67 68 vs 69 51 vs 18 51 vs 20 51 vs 25 51 vs 27 51 vs 28 51 vs 30 51 vs 34 51 vs 41 51 vs 45 51 vs 46 51 vs 58 34 vs 2 34 vs 7 34 vs 8 34 vs 9 34 vs 10 34 vs 11 34 vs 13 34 vs 14 34 vs 15 34 vs 16 34 vs 18 34 vs 21 34 vs 22 34 vs 24 34 vs 31 34 vs 33 34 vs 36 25 vs 2 25 vs 7 25 vs 8 25 vs 9 25 vs 10 25 vs 11 25 vs 13 25 vs 14 25 vs 15 25 vs 16 25 vs 18 25 vs 21 25 vs 22 25 vs 24 25 vs 31 50 vs 6 50 vs 10 50 vs 11 50 vs 12 50 vs 19 50 vs 20 50 vs 21 50 vs 28 50 vs 29 50 vs 30 50 vs 32 50 vs 42 50 vs 44 50 vs 46 50 vs 48 50 vs 49 50 vs 52 8 vs 6 8 vs 10 67 vs 6 67 vs 8 67 vs 10 67 vs 11 67 vs 12 67 vs 19 67 vs 20 67 vs 21 67 vs 28 67 vs 29 67 vs 30 67 vs 32 67 vs 42 67 vs 44 67 vs 46 67 vs 48 67 vs 49 67 vs 50 67 vs 52 67 vs 53 67 vs 54 67 vs 55 67 vs 58 67 vs 59 67 vs 60 67 vs 61 67 vs 64 67 vs 66 67 vs 75 39 vs 2 39 vs 7 39 vs 8 39 vs 9 39 vs 10 39 vs 11 39 vs 13 39 vs 14 39 vs 15 39 vs 16 39 vs 18 39 vs 21 39 vs 22 39 vs 24 39 vs 25 39 vs 31 39 vs 33 39 vs 34 39 vs 36 39 vs 40 72 vs 18 72 vs 20 72 vs 25 72 vs 27 72 vs 28 72 vs 30 72 vs 34 72 vs 41 72 vs 45 72 vs 46 72 vs 51 72 vs 58 72 vs 59 72 vs 61 72 vs 62 72 vs 63 72 vs 64 72 vs 65 72 vs 67 72 vs 68 72 vs 69 72 vs 74 43 vs 2 43 vs 7 43 vs 8 43 vs 9 43 vs 10 43 vs 11 43 vs 13 43 vs 14 43 vs 15 43 vs 16 43 vs 18 43 vs 21 43 vs 22 43 vs 24 43 vs 25 43 vs 31 43 vs 33 43 vs 34 43 vs 36 43 vs 39 43 vs 40 43 vs 42 43 vs 52 41 vs 2 41 vs 7 41 vs 8 41 vs 9 41 vs 10 41 vs 11 41 vs 13 41 vs 14 41 vs 15 41 vs 16 41 vs 18 41 vs 21 41 vs 22 41 vs 24 41 vs 25 41 vs 31 41 vs 33 41 vs 34 41 vs 36 41 vs 39 41 vs 40 41 vs 42 85 vs 6 85 vs 8 85 vs 10 85 vs 11 85 vs 12 85 vs 19 85 vs 20 85 vs 21 85 vs 28 85 vs 29 85 vs 30 85 vs 32 85 vs 42 85 vs 44 85 vs 46 85 vs 48 85 vs 49 85 vs 50 85 vs 52 85 vs 53 85 vs 54 85 vs 55 85 vs 58 85 vs 59 85 vs 60 85 vs 61 85 vs 64 85 vs 66 85 vs 67 85 vs 75 85 vs 77 85 vs 78 85 vs 83 85 vs 90 91 vs 6 91 vs 8 91 vs 10 91 vs 11 91 vs 12 91 vs 19 91 vs 20 91 vs 21 91 vs 28 91 vs 29 91 vs 30 91 vs 32 91 vs 42 91 vs 44 91 vs 46 91 vs 48 91 vs 49 91 vs 50 91 vs 52 91 vs 53 91 vs 54 91 vs 55 91 vs 58 91 vs 59 91 vs 60 91 vs 61 91 vs 64 91 vs 66 91 vs 67 91 vs 75 91 vs 77 91 vs 78 91 vs 83 91 vs 85 91 vs 90 91 vs 97 62 vs 6 62 vs 8 62 vs 10 62 vs 11 62 vs 12 62 vs 19 62 vs 20 62 vs 21 62 vs 28 62 vs 29 62 vs 30 62 vs 32 62 vs 42 62 vs 44 62 vs 46 62 vs 48 62 vs 49 62 vs 50 62 vs 52 62 vs 53 62 vs 54 62 vs 55 62 vs 58 62 vs 59 62 vs 60 62 vs 61 62 vs 64 66 vs 18 66 vs 20 66 vs 25 66 vs 27 66 vs 28 66 vs 30 66 vs 34 66 vs 41 66 vs 45 66 vs 46 66 vs 51 66 vs 58 66 vs 59 66 vs 61 66 vs 62 66 vs 63 66 vs 64 66 vs 65 66 vs 67 14 vs 6 14 vs 8 14 vs 10 14 vs 11 14 vs 12 14 vs 19 77 vs 18 77 vs 20 77 vs 25 77 vs 27 77 vs 28 77 vs 30 77 vs 34 77 vs 41 77 vs 45 77 vs 46 77 vs 51 77 vs 58 77 vs 59 77 vs 61 77 vs 62 77 vs 63 77 vs 64 77 vs 65 77 vs 66 77 vs 67 77 vs 68 77 vs 69 77 vs 72 77 vs 74 77 vs 76 77 vs 82 92 vs 6 92 vs 8 92 vs 10 92 vs 11 92 vs 12 92 vs 14 92 vs 19 92 vs 20 92 vs 21 92 vs 28 92 vs 29 92 vs 30 92 vs 32 92 vs 42 92 vs 44 92 vs 46 92 vs 48 92 vs 49 92 vs 50 92 vs 52 92 vs 53 92 vs 54 92 vs 55 92 vs 58 92 vs 59 92 vs 60 92 vs 61 92 vs 62 92 vs 64 92 vs 66 92 vs 67 92 vs 75 92 vs 77 92 vs 78 92 vs 83 92 vs 85 92 vs 90 92 vs 91 92 vs 97 56 vs 2 56 vs 7 56 vs 8 56 vs 9 56 vs 10 56 vs 11 56 vs 13 56 vs 14 56 vs 15 56 vs 16 56 vs 18 56 vs 21 56 vs 22 56 vs 24 56 vs 25 56 vs 31 56 vs 33 56 vs 34 56 vs 36 56 vs 39 56 vs 40 56 vs 41 56 vs 42 56 vs 43 56 vs 52 56 vs 57 81 vs 6 81 vs 8 81 vs 10 81 vs 11 81 vs 12 81 vs 14 81 vs 19 81 vs 20 81 vs 21 81 vs 28 81 vs 29 81 vs 30 81 vs 32 81 vs 42 81 vs 44 81 vs 46 81 vs 48 81 vs 49 81 vs 50 81 vs 52 81 vs 53 81 vs 54 81 vs 55 81 vs 58 81 vs 59 81 vs 60 81 vs 61 81 vs 62 81 vs 64 81 vs 66 81 vs 67 81 vs 75 81 vs 77 81 vs 78 81 vs 83 15 vs 6 15 vs 8 15 vs 10 15 vs 11 15 vs 12 15 vs 14 15 vs 19 33 vs 6 33 vs 8 33 vs 10 33 vs 11 33 vs 12 33 vs 14 33 vs 15 33 vs 19 33 vs 20 33 vs 21 33 vs 28 33 vs 29 33 vs 30 33 vs 32 33 vs 42 86 vs 2 86 vs 7 86 vs 8 86 vs 9 86 vs 10 86 vs 11 86 vs 13 86 vs 14 86 vs 15 86 vs 16 86 vs 18 86 vs 21 86 vs 22 86 vs 24 86 vs 25 86 vs 31 86 vs 33 86 vs 34 86 vs 36 86 vs 39 86 vs 40 86 vs 41 86 vs 42 86 vs 43 86 vs 52 86 vs 56 86 vs 57 86 vs 59 86 vs 63 86 vs 65 86 vs 66 86 vs 72 86 vs 73 86 vs 76 86 vs 79 86 vs 83 86 vs 85 86 vs 87 71 vs 2 71 vs 7 71 vs 8 71 vs 9 71 vs 10 71 vs 11 71 vs 13 71 vs 14 71 vs 15 71 vs 16 71 vs 18 71 vs 21 71 vs 22 71 vs 24 71 vs 25 71 vs 31 71 vs 33 71 vs 34 71 vs 36 71 vs 39 71 vs 40 71 vs 41 71 vs 42 71 vs 43 71 vs 52 71 vs 56 71 vs 57 71 vs 59 71 vs 63 71 vs 65 71 vs 66 71 vs 72 20 vs 2 20 vs 7 20 vs 8 20 vs 9 20 vs 10 20 vs 11 20 vs 13 20 vs 14 20 vs 15 20 vs 16 20 vs 18 20 vs 21 3 vs 2 3 vs 7 6 vs 2 6 vs 3 6 vs 7 22 vs 6 22 vs 8 22 vs 10 22 vs 11 22 vs 12 22 vs 14 22 vs 15 22 vs 19 22 vs 20 22 vs 21 22 vs 28 74 vs 2 74 vs 3 74 vs 6 74 vs 7 74 vs 8 74 vs 9 74 vs 10 74 vs 11 74 vs 13 74 vs 14 74 vs 15 74 vs 16 74 vs 18 74 vs 20 74 vs 21 74 vs 22 74 vs 24 74 vs 25 74 vs 31 74 vs 33 74 vs 34 74 vs 36 74 vs 39 74 vs 40 74 vs 41 74 vs 42 74 vs 43 74 vs 52 74 vs 56 74 vs 57 74 vs 59 74 vs 63 74 vs 65 74 vs 66 74 vs 71 74 vs 72 74 vs 73 74 vs 76 90 vs 18 90 vs 20 90 vs 25 90 vs 27 90 vs 28 90 vs 30 90 vs 34 90 vs 41 90 vs 45 90 vs 46 90 vs 51 90 vs 58 90 vs 59 90 vs 61 90 vs 62 90 vs 63 90 vs 64 90 vs 65 90 vs 66 90 vs 67 90 vs 68 90 vs 69 90 vs 72 90 vs 74 90 vs 76 90 vs 77 90 vs 82 90 vs 84 90 vs 85 90 vs 92 78 vs 2 78 vs 3 78 vs 6 78 vs 7 78 vs 8 78 vs 9 78 vs 10 78 vs 11 78 vs 13 78 vs 14 78 vs 15 78 vs 16 78 vs 18 78 vs 20 78 vs 21 78 vs 22 78 vs 24 78 vs 25 78 vs 31 78 vs 33 78 vs 34 78 vs 36 78 vs 39 78 vs 40 78 vs 41 78 vs 42 78 vs 43 78 vs 52 78 vs 56 78 vs 57 78 vs 59 78 vs 63 78 vs 65 78 vs 66 78 vs 71 78 vs 72 78 vs 73 78 vs 74 78 vs 76 78 vs 79 37 vs 6 37 vs 8 37 vs 10 37 vs 11 37 vs 12 37 vs 14 37 vs 15 37 vs 19 37 vs 20 37 vs 21 37 vs 22 37 vs 28 37 vs 29 37 vs 30 37 vs 32 37 vs 33 37 vs 42 23 vs 6 23 vs 8 23 vs 10 23 vs 11 23 vs 12 23 vs 14 23 vs 15 23 vs 19 23 vs 20 23 vs 21 23 vs 22 23 vs 28 82 vs 2 82 vs 3 82 vs 6 82 vs 7 82 vs 8 82 vs 9 82 vs 10 82 vs 11 82 vs 13 82 vs 14 82 vs 15 82 vs 16 82 vs 18 82 vs 20 82 vs 21 82 vs 22 82 vs 24 82 vs 25 82 vs 31 82 vs 33 82 vs 34 82 vs 36 82 vs 39 82 vs 40 82 vs 41 82 vs 42 82 vs 43 82 vs 52 82 vs 56 82 vs 57 82 vs 59 82 vs 63 82 vs 65 82 vs 66 82 vs 71 82 vs 72 82 vs 73 82 vs 74 82 vs 76 82 vs 78 82 vs 79 82 vs 83 70 vs 6 70 vs 8 70 vs 10 70 vs 11 70 vs 12 70 vs 14 70 vs 15 70 vs 19 70 vs 20 70 vs 21 70 vs 22 70 vs 23 70 vs 28 70 vs 29 70 vs 30 70 vs 32 70 vs 33 70 vs 37 70 vs 42 70 vs 44 70 vs 46 70 vs 48 70 vs 49 70 vs 50 70 vs 52 70 vs 53 70 vs 54 70 vs 55 70 vs 58 70 vs 59 70 vs 60 70 vs 61 70 vs 62 70 vs 64 70 vs 66 70 vs 67 70 vs 75 49 vs 18 49 vs 20 49 vs 25 49 vs 27 49 vs 28 49 vs 30 49 vs 34 49 vs 41 49 vs 45 49 vs 46 49 vs 51 4 vs 2 4 vs 3 4 vs 6 12 vs 2 12 vs 3 12 vs 4 12 vs 6 12 vs 7 12 vs 8 12 vs 9 12 vs 10 12 vs 11 12 vs 13 34 vs 6 34 vs 8 34 vs 10 34 vs 11 34 vs 12 34 vs 14 34 vs 15 34 vs 19 34 vs 20 34 vs 21 34 vs 22 34 vs 23 34 vs 28 34 vs 29 34 vs 30 34 vs 32 34 vs 33 34 vs 37 17 vs 2 17 vs 3 17 vs 4 17 vs 6 17 vs 7 17 vs 8 17 vs 9 17 vs 10 17 vs 11 17 vs 12 17 vs 13 17 vs 14 17 vs 15 17 vs 16 17 vs 18 86 vs 18 86 vs 20 86 vs 25 86 vs 27 86 vs 28 86 vs 30 86 vs 34 86 vs 41 86 vs 45 86 vs 46 86 vs 49 86 vs 51 86 vs 58 86 vs 59 86 vs 61 86 vs 62 86 vs 63 86 vs 64 86 vs 65 86 vs 66 86 vs 67 86 vs 68 86 vs 69 86 vs 72 86 vs 74 86 vs 76 86 vs 77 86 vs 82 86 vs 84 86 vs 85 86 vs 90 45 vs 2 45 vs 3 45 vs 4 45 vs 6 45 vs 7 45 vs 8 45 vs 9 45 vs 10 45 vs 11 45 vs 12 45 vs 13 45 vs 14 45 vs 15 45 vs 16 45 vs 17 45 vs 18 45 vs 20 45 vs 21 45 vs 22 45 vs 24 45 vs 25 45 vs 31 45 vs 33 45 vs 34 45 vs 36 45 vs 39 45 vs 40 45 vs 41 45 vs 42 45 vs 43 45 vs 52 39 vs 6 39 vs 8 39 vs 10 39 vs 11 39 vs 12 39 vs 14 39 vs 15 39 vs 19 39 vs 20 39 vs 21 39 vs 22 39 vs 23 39 vs 28 39 vs 29 39 vs 30 39 vs 32 39 vs 33 39 vs 34 39 vs 37 39 vs 42 47 vs 2 47 vs 3 47 vs 4 47 vs 6 47 vs 7 47 vs 8 47 vs 9 47 vs 10 47 vs 11 47 vs 12 47 vs 13 47 vs 14 47 vs 15 47 vs 16 47 vs 17 47 vs 18 47 vs 20 47 vs 21 47 vs 22 47 vs 24 47 vs 25 47 vs 31 47 vs 33 47 vs 34 47 vs 36 47 vs 39 47 vs 40 47 vs 41 47 vs 42 47 vs 43 47 vs 45 47 vs 52 32 vs 2 32 vs 3 32 vs 4 32 vs 6 32 vs 7 32 vs 8 32 vs 9 32 vs 10 32 vs 11 32 vs 12 32 vs 13 32 vs 14 32 vs 15 32 vs 16 32 vs 17 32 vs 18 32 vs 20 32 vs 21 32 vs 22 32 vs 24 32 vs 25 32 vs 31 32 vs 33 40 vs 6 40 vs 8 40 vs 10 40 vs 11 40 vs 12 40 vs 14 40 vs 15 40 vs 19 40 vs 20 40 vs 21 40 vs 22 40 vs 23 40 vs 28 40 vs 29 40 vs 30 40 vs 32 40 vs 33 40 vs 34 40 vs 37 40 vs 39 40 vs 42 48 vs 2 48 vs 3 48 vs 4 48 vs 6 48 vs 7 48 vs 8 48 vs 9 48 vs 10 48 vs 11 48 vs 12 48 vs 13 48 vs 14 48 vs 15 48 vs 16 48 vs 17 48 vs 18 48 vs 20 48 vs 21 48 vs 22 48 vs 24 48 vs 25 48 vs 31 48 vs 32 48 vs 33 48 vs 34 48 vs 36 48 vs 39 48 vs 40 48 vs 41 48 vs 42 48 vs 43 48 vs 45 48 vs 47 48 vs 52 49 vs 2 49 vs 3 49 vs 4 49 vs 6 49 vs 7 49 vs 8 49 vs 9 49 vs 10 49 vs 11 49 vs 12 49 vs 13 49 vs 14 49 vs 15 49 vs 16 49 vs 17 49 vs 18 49 vs 20 49 vs 21 49 vs 22 49 vs 24 49 vs 25 49 vs 31 49 vs 32 49 vs 33 49 vs 34 49 vs 36 49 vs 39 49 vs 40 49 vs 41 49 vs 42 49 vs 43 49 vs 45 49 vs 47 49 vs 48 49 vs 52 79 vs 6 79 vs 8 79 vs 10 79 vs 11 79 vs 12 79 vs 14 79 vs 15 79 vs 19 79 vs 20 79 vs 21 79 vs 22 79 vs 23 79 vs 28 79 vs 29 79 vs 30 79 vs 32 79 vs 33 79 vs 34 79 vs 37 79 vs 39 79 vs 40 79 vs 42 79 vs 44 79 vs 46 79 vs 48 79 vs 49 79 vs 50 79 vs 52 79 vs 53 79 vs 54 79 vs 55 79 vs 58 79 vs 59 79 vs 60 79 vs 61 79 vs 62 79 vs 64 79 vs 66 79 vs 67 79 vs 70 79 vs 75 79 vs 77 79 vs 78 79 vs 81 82 vs 6 82 vs 8 82 vs 10 82 vs 11 82 vs 12 82 vs 14 82 vs 15 82 vs 19 82 vs 20 82 vs 21 82 vs 22 82 vs 23 82 vs 28 82 vs 29 82 vs 30 82 vs 32 82 vs 33 82 vs 34 82 vs 37 82 vs 39 82 vs 40 82 vs 42 82 vs 44 82 vs 46 82 vs 48 82 vs 49 82 vs 50 82 vs 52 82 vs 53 82 vs 54 82 vs 55 82 vs 58 82 vs 59 82 vs 60 82 vs 61 82 vs 62 82 vs 64 82 vs 66 82 vs 67 82 vs 70 82 vs 75 82 vs 77 82 vs 78 82 vs 79 82 vs 81 82 vs 83 72 vs 6 72 vs 8 72 vs 10 72 vs 11 72 vs 12 72 vs 14 72 vs 15 72 vs 19 72 vs 20 72 vs 21 72 vs 22 72 vs 23 72 vs 28 72 vs 29 72 vs 30 72 vs 32 72 vs 33 72 vs 34 72 vs 37 72 vs 39 72 vs 40 72 vs 42 72 vs 44 72 vs 46 72 vs 48 72 vs 49 72 vs 50 72 vs 52 72 vs 53 72 vs 54 72 vs 55 72 vs 58 72 vs 59 72 vs 60 72 vs 61 72 vs 62 72 vs 64 72 vs 66 72 vs 67 72 vs 70 72 vs 75 97 vs 18 97 vs 20 97 vs 25 97 vs 27 97 vs 28 97 vs 30 97 vs 34 97 vs 41 97 vs 45 97 vs 46 97 vs 49 97 vs 51 97 vs 58 97 vs 59 97 vs 61 97 vs 62 97 vs 63 97 vs 64 97 vs 65 97 vs 66 97 vs 67 97 vs 68 97 vs 69 97 vs 72 97 vs 74 97 vs 76 97 vs 77 97 vs 82 97 vs 84 97 vs 85 97 vs 86 97 vs 90 97 vs 92 97 vs 93 97 vs 94 97 vs 95 97 vs 99 50 vs 2 50 vs 3 50 vs 4 50 vs 6 50 vs 7 50 vs 8 50 vs 9 50 vs 10 50 vs 11 50 vs 12 50 vs 13 50 vs 14 50 vs 15 50 vs 16 50 vs 17 50 vs 18 50 vs 20 50 vs 21 50 vs 22 50 vs 24 50 vs 25 50 vs 31 50 vs 32 50 vs 33 50 vs 34 50 vs 36 50 vs 39 50 vs 40 50 vs 41 50 vs 42 50 vs 43 50 vs 45 50 vs 47 50 vs 48 50 vs 49 50 vs 52 53 vs 2 53 vs 3 53 vs 4 53 vs 6 53 vs 7 53 vs 8 53 vs 9 53 vs 10 53 vs 11 53 vs 12 53 vs 13 53 vs 14 53 vs 15 53 vs 16 53 vs 17 53 vs 18 53 vs 20 53 vs 21 53 vs 22 53 vs 24 53 vs 25 53 vs 31 53 vs 32 53 vs 33 53 vs 34 53 vs 36 53 vs 39 53 vs 40 53 vs 41 53 vs 42 53 vs 43 53 vs 45 53 vs 47 53 vs 48 53 vs 49 53 vs 50 53 vs 52 53 vs 56 89 vs 6 89 vs 8 89 vs 10 89 vs 11 89 vs 12 89 vs 14 89 vs 15 89 vs 19 89 vs 20 89 vs 21 89 vs 22 89 vs 23 89 vs 28 89 vs 29 89 vs 30 89 vs 32 89 vs 33 89 vs 34 89 vs 37 89 vs 39 89 vs 40 89 vs 42 89 vs 44 89 vs 46 89 vs 48 89 vs 49 89 vs 50 89 vs 52 89 vs 53 89 vs 54 89 vs 55 89 vs 58 89 vs 59 89 vs 60 89 vs 61 89 vs 62 89 vs 64 89 vs 66 89 vs 67 89 vs 70 89 vs 72 89 vs 75 89 vs 77 89 vs 78 89 vs 79 89 vs 81 89 vs 82 89 vs 83 89 vs 85 89 vs 90 68 vs 6 68 vs 8 68 vs 10 68 vs 11 68 vs 12 68 vs 14 68 vs 15 68 vs 19 68 vs 20 68 vs 21 68 vs 22 68 vs 23 68 vs 28 68 vs 29 68 vs 30 68 vs 32 68 vs 33 68 vs 34 68 vs 37 68 vs 39 68 vs 40 68 vs 42 68 vs 44 68 vs 46 68 vs 48 68 vs 49 68 vs 50 68 vs 52 68 vs 53 68 vs 54 68 vs 55 68 vs 58 68 vs 59 68 vs 60 68 vs 61 68 vs 62 68 vs 64 68 vs 66 68 vs 67 68 vs 70 25 vs 6 25 vs 8 25 vs 10 25 vs 11 25 vs 12 25 vs 14 25 vs 15 25 vs 19 25 vs 20 25 vs 21 25 vs 22 25 vs 23 25 vs 28 62 vs 2 62 vs 3 62 vs 4 62 vs 6 62 vs 7 62 vs 8 62 vs 9 62 vs 10 62 vs 11 62 vs 12 62 vs 13 62 vs 14 62 vs 15 62 vs 16 62 vs 17 62 vs 18 62 vs 20 62 vs 21 62 vs 22 62 vs 24 62 vs 25 62 vs 31 62 vs 32 62 vs 33 62 vs 34 62 vs 36 62 vs 39 62 vs 40 62 vs 41 62 vs 42 62 vs 43 62 vs 45 62 vs 47 62 vs 48 62 vs 49 62 vs 50 62 vs 52 62 vs 53 62 vs 56 62 vs 57 62 vs 59 62 vs 63 31 vs 6 31 vs 8 31 vs 10 31 vs 11 31 vs 12 31 vs 14 31 vs 15 31 vs 19 31 vs 20 31 vs 21 31 vs 22 31 vs 23 31 vs 25 31 vs 28 31 vs 29 31 vs 30 31 vs 32 68 vs 2 68 vs 3 68 vs 4 68 vs 6 68 vs 7 68 vs 8 68 vs 9 68 vs 10 68 vs 11 68 vs 12 68 vs 13 68 vs 14 68 vs 15 68 vs 16 68 vs 17 68 vs 18 68 vs 20 68 vs 21 68 vs 22 68 vs 24 68 vs 25 68 vs 31 68 vs 32 68 vs 33 68 vs 34 68 vs 36 68 vs 39 68 vs 40 68 vs 41 68 vs 42 68 vs 43 68 vs 45 68 vs 47 68 vs 48 68 vs 49 68 vs 50 68 vs 52 68 vs 53 68 vs 56 68 vs 57 68 vs 59 68 vs 62 68 vs 63 68 vs 65 68 vs 66 68 vs 71 7 vs 6 7 vs 8 80 vs 2 80 vs 3 80 vs 4 80 vs 6 80 vs 7 80 vs 8 80 vs 9 80 vs 10 80 vs 11 80 vs 12 80 vs 13 80 vs 14 80 vs 15 80 vs 16 80 vs 17 80 vs 18 80 vs 20 80 vs 21 80 vs 22 80 vs 24 80 vs 25 80 vs 31 80 vs 32 80 vs 33 80 vs 34 80 vs 36 80 vs 39 80 vs 40 80 vs 41 80 vs 42 80 vs 43 80 vs 45 80 vs 47 80 vs 48 80 vs 49 80 vs 50 80 vs 52 80 vs 53 80 vs 56 80 vs 57 80 vs 59 80 vs 62 80 vs 63 80 vs 65 80 vs 66 80 vs 68 80 vs 71 80 vs 72 80 vs 73 80 vs 74 80 vs 76 80 vs 78 80 vs 79 80 vs 82 88 vs 6 88 vs 7 88 vs 8 88 vs 10 88 vs 11 88 vs 12 88 vs 14 88 vs 15 88 vs 19 88 vs 20 88 vs 21 88 vs 22 88 vs 23 88 vs 25 88 vs 28 88 vs 29 88 vs 30 88 vs 31 88 vs 32 88 vs 33 88 vs 34 88 vs 37 88 vs 39 88 vs 40 88 vs 42 88 vs 44 88 vs 46 88 vs 48 88 vs 49 88 vs 50 88 vs 52 88 vs 53 88 vs 54 88 vs 55 88 vs 58 88 vs 59 88 vs 60 88 vs 61 88 vs 62 88 vs 64 88 vs 66 88 vs 67 88 vs 68 88 vs 70 88 vs 72 88 vs 75 88 vs 77 88 vs 78 88 vs 79 88 vs 81 88 vs 82 88 vs 83 88 vs 85 88 vs 89 8 vs 18 31 vs 8 31 vs 18 31 vs 20 31 vs 25 31 vs 27 31 vs 28 31 vs 30 31 vs 34 13 vs 6 13 vs 7 13 vs 8 13 vs 10 13 vs 11 13 vs 12 13 vs 14 5 vs 2 5 vs 3 5 vs 4 5 vs 6 76 vs 6 76 vs 7 76 vs 8 76 vs 10 76 vs 11 76 vs 12 76 vs 13 76 vs 14 76 vs 15 76 vs 19 76 vs 20 76 vs 21 76 vs 22 76 vs 23 76 vs 25 76 vs 28 76 vs 29 76 vs 30 76 vs 31 76 vs 32 76 vs 33 76 vs 34 76 vs 37 76 vs 39 76 vs 40 76 vs 42 76 vs 44 76 vs 46 76 vs 48 76 vs 49 76 vs 50 76 vs 52 76 vs 53 76 vs 54 76 vs 55 76 vs 58 76 vs 59 76 vs 60 76 vs 61 76 vs 62 76 vs 64 76 vs 66 76 vs 67 76 vs 68 76 vs 70 76 vs 72 76 vs 75 76 vs 77 97 vs 2 97 vs 3 97 vs 4 97 vs 5 97 vs 6 97 vs 7 97 vs 8 97 vs 9 97 vs 10 97 vs 11 97 vs 12 97 vs 13 97 vs 14 97 vs 15 97 vs 16 97 vs 17 97 vs 18 97 vs 20 97 vs 21 97 vs 22 97 vs 24 97 vs 25 97 vs 31 97 vs 32 97 vs 33 97 vs 34 97 vs 36 97 vs 39 97 vs 40 97 vs 41 97 vs 42 97 vs 43 97 vs 45 97 vs 47 97 vs 48 97 vs 49 97 vs 50 97 vs 52 97 vs 53 97 vs 56 97 vs 57 97 vs 59 97 vs 62 97 vs 63 97 vs 65 97 vs 66 97 vs 68 97 vs 71 97 vs 72 97 vs 73 97 vs 74 97 vs 76 97 vs 78 97 vs 79 97 vs 80 97 vs 82 97 vs 83 97 vs 85 97 vs 86 97 vs 87 97 vs 88 97 vs 90 97 vs 92 97 vs 94 97 vs 98 37 vs 2 37 vs 3 37 vs 4 37 vs 5 37 vs 6 37 vs 7 37 vs 8 37 vs 9 37 vs 10 37 vs 11 37 vs 12 37 vs 13 37 vs 14 37 vs 15 37 vs 16 37 vs 17 37 vs 18 37 vs 20 37 vs 21 37 vs 22 37 vs 24 37 vs 25 37 vs 31 37 vs 32 37 vs 33 37 vs 34 37 vs 36 37 vs 39 69 vs 6 69 vs 7 69 vs 8 69 vs 10 69 vs 11 69 vs 12 69 vs 13 69 vs 14 69 vs 15 69 vs 19 69 vs 20 69 vs 21 69 vs 22 69 vs 23 69 vs 25 69 vs 28 69 vs 29 69 vs 30 69 vs 31 69 vs 32 69 vs 33 69 vs 34 69 vs 37 69 vs 39 69 vs 40 69 vs 42 69 vs 44 69 vs 46 69 vs 48 69 vs 49 69 vs 50 69 vs 52 69 vs 53 69 vs 54 69 vs 55 69 vs 58 69 vs 59 69 vs 60 69 vs 61 69 vs 62 69 vs 64 69 vs 66 69 vs 67 69 vs 68 69 vs 70 84 vs 6 84 vs 7 84 vs 8 84 vs 10 84 vs 11 84 vs 12 84 vs 13 84 vs 14 84 vs 15 84 vs 19 84 vs 20 84 vs 21 84 vs 22 84 vs 23 84 vs 25 84 vs 28 84 vs 29 84 vs 30 84 vs 31 84 vs 32 84 vs 33 84 vs 34 84 vs 37 84 vs 39 84 vs 40 84 vs 42 84 vs 44 84 vs 46 84 vs 48 84 vs 49 84 vs 50 84 vs 52 84 vs 53 84 vs 54 84 vs 55 84 vs 58 84 vs 59 84 vs 60 84 vs 61 84 vs 62 84 vs 64 84 vs 66 84 vs 67 84 vs 68 84 vs 69 84 vs 70 84 vs 72 84 vs 75 84 vs 76 84 vs 77 84 vs 78 84 vs 79 84 vs 81 84 vs 82 84 vs 83 84 vs 85 57 vs 8 57 vs 18 57 vs 20 57 vs 25 57 vs 27 57 vs 28 57 vs 30 57 vs 31 57 vs 34 57 vs 41 57 vs 45 57 vs 46 57 vs 49 57 vs 51 57 vs 58 2 vs 8 24 vs 6 24 vs 7 24 vs 8 24 vs 10 24 vs 11 24 vs 12 24 vs 13 24 vs 14 24 vs 15 24 vs 19 24 vs 20 24 vs 21 24 vs 22 24 vs 23 24 vs 25 4 vs 2 4 vs 8 21 vs 2 21 vs 4 21 vs 8 21 vs 18 21 vs 20 21 vs 25 26 vs 2 26 vs 3 26 vs 4 26 vs 5 26 vs 6 26 vs 7 26 vs 8 26 vs 9 26 vs 10 26 vs 11 26 vs 12 26 vs 13 26 vs 14 26 vs 15 26 vs 16 26 vs 17 26 vs 18 26 vs 20 26 vs 21 26 vs 22 26 vs 24 26 vs 25 26 vs 31 26 vs 2 26 vs 4 26 vs 8 26 vs 18 26 vs 20 26 vs 21 26 vs 25 26 vs 27 44 vs 2 44 vs 3 44 vs 4 44 vs 5 44 vs 6 44 vs 7 44 vs 8 44 vs 9 44 vs 10 44 vs 11 44 vs 12 44 vs 13 44 vs 14 44 vs 15 44 vs 16 44 vs 17 44 vs 18 44 vs 20 44 vs 21 44 vs 22 44 vs 24 44 vs 25 44 vs 26 44 vs 31 44 vs 32 44 vs 33 44 vs 34 44 vs 36 44 vs 37 44 vs 39 44 vs 40 44 vs 41 44 vs 42 44 vs 43 44 vs 45 33 vs 2 33 vs 4 33 vs 8 33 vs 18 33 vs 20 33 vs 21 33 vs 25 33 vs 26 33 vs 27 33 vs 28 33 vs 30 33 vs 31 33 vs 34 35 vs 2 35 vs 4 35 vs 8 35 vs 18 35 vs 20 35 vs 21 35 vs 25 35 vs 26 35 vs 27 35 vs 28 35 vs 30 35 vs 31 35 vs 33 35 vs 34 35 vs 41 38 vs 2 38 vs 4 38 vs 8 38 vs 18 38 vs 20 38 vs 21 38 vs 25 38 vs 26 38 vs 27 38 vs 28 38 vs 30 38 vs 31 38 vs 33 38 vs 34 38 vs 35 38 vs 41 42 vs 2 42 vs 4 42 vs 8 42 vs 18 42 vs 20 42 vs 21 42 vs 25 42 vs 26 42 vs 27 42 vs 28 42 vs 30 42 vs 31 42 vs 33 42 vs 34 42 vs 35 42 vs 38 42 vs 41 42 vs 45 70 vs 2 70 vs 3 70 vs 4 70 vs 5 70 vs 6 70 vs 7 70 vs 8 70 vs 9 70 vs 10 70 vs 11 70 vs 12 70 vs 13 70 vs 14 70 vs 15 70 vs 16 70 vs 17 70 vs 18 70 vs 20 70 vs 21 70 vs 22 70 vs 24 70 vs 25 70 vs 26 70 vs 31 70 vs 32 70 vs 33 70 vs 34 70 vs 36 70 vs 37 70 vs 39 70 vs 40 70 vs 41 70 vs 42 70 vs 43 70 vs 44 70 vs 45 70 vs 47 70 vs 48 70 vs 49 70 vs 50 70 vs 52 70 vs 53 70 vs 56 70 vs 57 70 vs 59 70 vs 62 70 vs 63 70 vs 65 70 vs 66 70 vs 68 70 vs 71 89 vs 2 89 vs 4 89 vs 8 89 vs 18 89 vs 20 89 vs 21 89 vs 25 89 vs 26 89 vs 27 89 vs 28 89 vs 30 89 vs 31 89 vs 33 89 vs 34 89 vs 35 89 vs 38 89 vs 41 89 vs 42 89 vs 45 89 vs 46 89 vs 49 89 vs 51 89 vs 57 89 vs 58 89 vs 59 89 vs 61 89 vs 62 89 vs 63 89 vs 64 89 vs 65 89 vs 66 89 vs 67 89 vs 68 89 vs 69 89 vs 72 89 vs 74 89 vs 76 89 vs 77 89 vs 82 89 vs 84 89 vs 85 89 vs 86 89 vs 90 55 vs 2 55 vs 4 55 vs 8 55 vs 18 55 vs 20 55 vs 21 55 vs 25 55 vs 26 55 vs 27 55 vs 28 55 vs 30 55 vs 31 55 vs 33 55 vs 34 55 vs 35 55 vs 38 55 vs 41 55 vs 42 55 vs 45 55 vs 46 55 vs 49 55 vs 51 55 vs 57 56 vs 2 56 vs 4 56 vs 8 56 vs 18 56 vs 20 56 vs 21 56 vs 25 56 vs 26 56 vs 27 56 vs 28 56 vs 30 56 vs 31 56 vs 33 56 vs 34 56 vs 35 56 vs 38 56 vs 41 56 vs 42 56 vs 45 56 vs 46 56 vs 49 56 vs 51 56 vs 55 56 vs 57 81 vs 2 81 vs 3 81 vs 4 81 vs 5 81 vs 6 81 vs 7 81 vs 8 81 vs 9 81 vs 10 81 vs 11 81 vs 12 81 vs 13 81 vs 14 81 vs 15 81 vs 16 81 vs 17 81 vs 18 81 vs 20 81 vs 21 81 vs 22 81 vs 24 81 vs 25 81 vs 26 81 vs 31 81 vs 32 81 vs 33 81 vs 34 81 vs 36 81 vs 37 81 vs 39 81 vs 40 81 vs 41 81 vs 42 81 vs 43 81 vs 44 81 vs 45 81 vs 47 81 vs 48 81 vs 49 81 vs 50 81 vs 52 81 vs 53 81 vs 56 81 vs 57 81 vs 59 81 vs 62 81 vs 63 81 vs 65 81 vs 66 81 vs 68 81 vs 70 81 vs 71 81 vs 72 81 vs 73 81 vs 74 81 vs 76 81 vs 78 81 vs 79 81 vs 80 81 vs 82 91 vs 2 91 vs 3 91 vs 4 91 vs 5 91 vs 6 91 vs 7 91 vs 8 91 vs 9 91 vs 10 91 vs 11 91 vs 12 91 vs 13 91 vs 14 91 vs 15 91 vs 16 91 vs 17 91 vs 18 91 vs 20 91 vs 21 91 vs 22 91 vs 24 91 vs 25 91 vs 26 91 vs 31 91 vs 32 91 vs 33 91 vs 34 91 vs 36 91 vs 37 91 vs 39 91 vs 40 91 vs 41 91 vs 42 91 vs 43 91 vs 44 91 vs 45 91 vs 47 91 vs 48 91 vs 49 91 vs 50 91 vs 52 91 vs 53 91 vs 56 91 vs 57 91 vs 59 91 vs 62 91 vs 63 91 vs 65 91 vs 66 91 vs 68 91 vs 70 91 vs 71 91 vs 72 91 vs 73 91 vs 74 91 vs 76 91 vs 78 91 vs 79 91 vs 80 91 vs 81 91 vs 82 91 vs 83 91 vs 85 91 vs 86 91 vs 87 91 vs 88 91 vs 90 91 vs 92 93 vs 2 93 vs 3 93 vs 4 93 vs 5 93 vs 6 93 vs 7 93 vs 8 93 vs 9 93 vs 10 93 vs 11 93 vs 12 93 vs 13 93 vs 14 93 vs 15 93 vs 16 93 vs 17 93 vs 18 93 vs 20 93 vs 21 93 vs 22 93 vs 24 93 vs 25 93 vs 26 93 vs 31 93 vs 32 93 vs 33 93 vs 34 93 vs 36 93 vs 37 93 vs 39 93 vs 40 93 vs 41 93 vs 42 93 vs 43 93 vs 44 93 vs 45 93 vs 47 93 vs 48 93 vs 49 93 vs 50 93 vs 52 93 vs 53 93 vs 56 93 vs 57 93 vs 59 93 vs 62 93 vs 63 93 vs 65 93 vs 66 93 vs 68 93 vs 70 93 vs 71 93 vs 72 93 vs 73 93 vs 74 93 vs 76 93 vs 78 93 vs 79 93 vs 80 93 vs 81 93 vs 82 93 vs 83 93 vs 85 93 vs 86 93 vs 87 93 vs 88 93 vs 90 93 vs 91 93 vs 92 93 vs 94 70 vs 2 70 vs 4 70 vs 8 70 vs 18 70 vs 20 70 vs 21 70 vs 25 70 vs 26 70 vs 27 70 vs 28 70 vs 30 70 vs 31 70 vs 33 70 vs 34 70 vs 35 70 vs 38 70 vs 41 70 vs 42 70 vs 45 70 vs 46 70 vs 49 70 vs 51 70 vs 55 70 vs 56 70 vs 57 70 vs 58 70 vs 59 70 vs 61 70 vs 62 70 vs 63 70 vs 64 70 vs 65 70 vs 66 70 vs 67 70 vs 68 70 vs 69 70 vs 72 73 vs 2 73 vs 4 73 vs 8 73 vs 18 73 vs 20 73 vs 21 73 vs 25 73 vs 26 73 vs 27 73 vs 28 73 vs 30 73 vs 31 73 vs 33 73 vs 34 73 vs 35 73 vs 38 73 vs 41 73 vs 42 73 vs 45 73 vs 46 73 vs 49 73 vs 51 73 vs 55 73 vs 56 73 vs 57 73 vs 58 73 vs 59 73 vs 61 73 vs 62 73 vs 63 73 vs 64 73 vs 65 73 vs 66 73 vs 67 73 vs 68 73 vs 69 73 vs 70 73 vs 72 73 vs 74 17 vs 2 17 vs 4 17 vs 8 17 vs 18 17 vs 6 17 vs 7 17 vs 8 17 vs 10 17 vs 11 17 vs 12 17 vs 13 17 vs 14 17 vs 15 17 vs 19 96 vs 2 96 vs 4 96 vs 8 96 vs 17 96 vs 18 96 vs 20 96 vs 21 96 vs 25 96 vs 26 96 vs 27 96 vs 28 96 vs 30 96 vs 31 96 vs 33 96 vs 34 96 vs 35 96 vs 38 96 vs 41 96 vs 42 96 vs 45 96 vs 46 96 vs 49 96 vs 51 96 vs 55 96 vs 56 96 vs 57 96 vs 58 96 vs 59 96 vs 61 96 vs 62 96 vs 63 96 vs 64 96 vs 65 96 vs 66 96 vs 67 96 vs 68 96 vs 69 96 vs 70 96 vs 72 96 vs 73 96 vs 74 96 vs 76 96 vs 77 96 vs 82 96 vs 84 96 vs 85 96 vs 86 96 vs 89 96 vs 90 96 vs 92 96 vs 93 96 vs 94 96 vs 95 96 vs 97 79 vs 2 79 vs 4 79 vs 8 79 vs 17 79 vs 18 79 vs 20 79 vs 21 79 vs 25 79 vs 26 79 vs 27 79 vs 28 79 vs 30 79 vs 31 79 vs 33 79 vs 34 79 vs 35 79 vs 38 79 vs 41 79 vs 42 79 vs 45 79 vs 46 79 vs 49 79 vs 51 79 vs 55 79 vs 56 79 vs 57 79 vs 58 79 vs 59 79 vs 61 79 vs 62 79 vs 63 79 vs 64 79 vs 65 79 vs 66 79 vs 67 79 vs 68 79 vs 69 79 vs 70 79 vs 72 79 vs 73 79 vs 74 79 vs 76 79 vs 77 79 vs 82 43 vs 2 43 vs 4 43 vs 8 43 vs 17 43 vs 18 43 vs 20 43 vs 21 43 vs 25 43 vs 26 43 vs 27 43 vs 28 43 vs 30 43 vs 31 43 vs 33 43 vs 34 43 vs 35 43 vs 38 43 vs 41 43 vs 42 43 vs 45 48 vs 2 48 vs 4 48 vs 8 48 vs 17 48 vs 18 48 vs 20 48 vs 21 48 vs 25 48 vs 26 48 vs 27 48 vs 28 48 vs 30 48 vs 31 48 vs 33 48 vs 34 48 vs 35 48 vs 38 48 vs 41 48 vs 42 48 vs 43 48 vs 45 48 vs 46 48 vs 49 88 vs 2 88 vs 4 88 vs 8 88 vs 17 88 vs 18 88 vs 20 88 vs 21 88 vs 25 88 vs 26 88 vs 27 88 vs 28 88 vs 30 88 vs 31 88 vs 33 88 vs 34 88 vs 35 88 vs 38 88 vs 41 88 vs 42 88 vs 43 88 vs 45 88 vs 46 88 vs 48 88 vs 49 88 vs 51 88 vs 55 88 vs 56 88 vs 57 88 vs 58 88 vs 59 88 vs 61 88 vs 62 88 vs 63 88 vs 64 88 vs 65 88 vs 66 88 vs 67 88 vs 68 88 vs 69 88 vs 70 88 vs 72 88 vs 73 88 vs 74 88 vs 76 88 vs 77 88 vs 79 88 vs 82 88 vs 84 88 vs 85 88 vs 86 88 vs 89 65 vs 6 65 vs 7 65 vs 8 65 vs 10 65 vs 11 65 vs 12 65 vs 13 65 vs 14 65 vs 15 65 vs 17 65 vs 19 65 vs 20 65 vs 21 65 vs 22 65 vs 23 65 vs 24 65 vs 25 65 vs 28 65 vs 29 65 vs 30 65 vs 31 65 vs 32 65 vs 33 65 vs 34 65 vs 37 65 vs 39 65 vs 40 65 vs 42 65 vs 44 65 vs 46 65 vs 48 65 vs 49 65 vs 50 65 vs 52 65 vs 53 65 vs 54 65 vs 55 65 vs 58 65 vs 59 65 vs 60 65 vs 61 65 vs 62 65 vs 64 65 vs 66 47 vs 6 47 vs 7 47 vs 8 47 vs 10 47 vs 11 47 vs 12 47 vs 13 47 vs 14 47 vs 15 47 vs 17 47 vs 19 47 vs 20 47 vs 21 47 vs 22 47 vs 23 47 vs 24 47 vs 25 47 vs 28 47 vs 29 47 vs 30 47 vs 31 47 vs 32 47 vs 33 47 vs 34 47 vs 37 47 vs 39 47 vs 40 47 vs 42 47 vs 44 47 vs 46 47 vs 48 56 vs 6 56 vs 7 56 vs 8 56 vs 10 56 vs 11 56 vs 12 56 vs 13 56 vs 14 56 vs 15 56 vs 17 56 vs 19 56 vs 20 56 vs 21 56 vs 22 56 vs 23 56 vs 24 56 vs 25 56 vs 28 56 vs 29 56 vs 30 56 vs 31 56 vs 32 56 vs 33 56 vs 34 56 vs 37 56 vs 39 56 vs 40 56 vs 42 56 vs 44 56 vs 46 56 vs 47 56 vs 48 56 vs 49 56 vs 50 56 vs 52 56 vs 53 56 vs 54 56 vs 55 56 vs 58 26 vs 6 26 vs 7 26 vs 8 26 vs 10 26 vs 11 26 vs 12 26 vs 13 26 vs 14 26 vs 15 26 vs 17 26 vs 19 26 vs 20 26 vs 21 26 vs 22 26 vs 23 26 vs 24 26 vs 25 26 vs 28 73 vs 6 73 vs 7 73 vs 8 73 vs 10 73 vs 11 73 vs 12 73 vs 13 73 vs 14 73 vs 15 73 vs 17 73 vs 19 73 vs 20 73 vs 21 73 vs 22 73 vs 23 73 vs 24 73 vs 25 73 vs 26 73 vs 28 73 vs 29 73 vs 30 73 vs 31 73 vs 32 73 vs 33 73 vs 34 73 vs 37 73 vs 39 73 vs 40 73 vs 42 73 vs 44 73 vs 46 73 vs 47 73 vs 48 73 vs 49 73 vs 50 73 vs 52 73 vs 53 73 vs 54 73 vs 55 73 vs 56 73 vs 58 73 vs 59 73 vs 60 73 vs 61 73 vs 62 73 vs 64 73 vs 65 73 vs 66 73 vs 67 73 vs 68 73 vs 69 73 vs 70 73 vs 72 73 vs 75 94 vs 6 94 vs 7 94 vs 8 94 vs 10 94 vs 11 94 vs 12 94 vs 13 94 vs 14 94 vs 15 94 vs 17 94 vs 19 94 vs 20 94 vs 21 94 vs 22 94 vs 23 94 vs 24 94 vs 25 94 vs 26 94 vs 28 94 vs 29 94 vs 30 94 vs 31 94 vs 32 94 vs 33 94 vs 34 94 vs 37 94 vs 39 94 vs 40 94 vs 42 94 vs 44 94 vs 46 94 vs 47 94 vs 48 94 vs 49 94 vs 50 94 vs 52 94 vs 53 94 vs 54 94 vs 55 94 vs 56 94 vs 58 94 vs 59 94 vs 60 94 vs 61 94 vs 62 94 vs 64 94 vs 65 94 vs 66 94 vs 67 94 vs 68 94 vs 69 94 vs 70 94 vs 72 94 vs 73 94 vs 75 94 vs 76 94 vs 77 94 vs 78 94 vs 79 94 vs 81 94 vs 82 94 vs 83 94 vs 84 94 vs 85 94 vs 88 94 vs 89 94 vs 90 94 vs 91 94 vs 92 94 vs 97 3 vs 2 3 vs 4 13 vs 2 13 vs 3 13 vs 4 13 vs 8 13 vs 17 14 vs 2 14 vs 3 14 vs 4 14 vs 8 14 vs 13 14 vs 17 32 vs 2 32 vs 3 32 vs 4 32 vs 8 32 vs 13 32 vs 14 32 vs 17 32 vs 18 32 vs 20 32 vs 21 32 vs 25 32 vs 26 32 vs 27 32 vs 28 32 vs 30 32 vs 31 32 vs 33 47 vs 2 47 vs 3 47 vs 4 47 vs 8 47 vs 13 47 vs 14 47 vs 17 47 vs 18 47 vs 20 47 vs 21 47 vs 25 47 vs 26 47 vs 27 47 vs 28 47 vs 30 47 vs 31 47 vs 32 47 vs 33 47 vs 34 47 vs 35 47 vs 38 47 vs 41 47 vs 42 47 vs 43 47 vs 45 47 vs 46 47 vs 48 78 vs 2 78 vs 3 78 vs 4 78 vs 8 78 vs 13 78 vs 14 78 vs 17 78 vs 18 78 vs 20 78 vs 21 78 vs 25 78 vs 26 78 vs 27 78 vs 28 78 vs 30 78 vs 31 78 vs 32 78 vs 33 78 vs 34 78 vs 35 78 vs 38 78 vs 41 78 vs 42 78 vs 43 78 vs 45 78 vs 46 78 vs 47 78 vs 48 78 vs 49 78 vs 51 78 vs 55 78 vs 56 78 vs 57 78 vs 58 78 vs 59 78 vs 61 78 vs 62 78 vs 63 78 vs 64 78 vs 65 78 vs 66 78 vs 67 78 vs 68 78 vs 69 78 vs 70 78 vs 72 78 vs 73 78 vs 74 78 vs 76 78 vs 77 78 vs 79 83 vs 2 83 vs 3 83 vs 4 83 vs 8 83 vs 13 83 vs 14 83 vs 17 83 vs 18 83 vs 20 83 vs 21 83 vs 25 83 vs 26 83 vs 27 83 vs 28 83 vs 30 83 vs 31 83 vs 32 83 vs 33 83 vs 34 83 vs 35 83 vs 38 83 vs 41 83 vs 42 83 vs 43 83 vs 45 83 vs 46 83 vs 47 83 vs 48 83 vs 49 83 vs 51 83 vs 55 83 vs 56 83 vs 57 83 vs 58 83 vs 59 83 vs 61 83 vs 62 83 vs 63 83 vs 64 83 vs 65 83 vs 66 83 vs 67 83 vs 68 83 vs 69 83 vs 70 83 vs 72 83 vs 73 83 vs 74 83 vs 76 83 vs 77 83 vs 78 83 vs 79 83 vs 82 83 vs 84 63 vs 6 63 vs 7 63 vs 8 63 vs 10 63 vs 11 63 vs 12 63 vs 13 63 vs 14 63 vs 15 63 vs 17 63 vs 19 63 vs 20 63 vs 21 63 vs 22 63 vs 23 63 vs 24 63 vs 25 63 vs 26 63 vs 28 63 vs 29 63 vs 30 63 vs 31 63 vs 32 63 vs 33 63 vs 34 63 vs 37 63 vs 39 63 vs 40 63 vs 42 63 vs 44 63 vs 46 63 vs 47 63 vs 48 63 vs 49 63 vs 50 63 vs 52 63 vs 53 63 vs 54 63 vs 55 63 vs 56 63 vs 58 63 vs 59 63 vs 60 63 vs 61 63 vs 62 63 vs 64 86 vs 6 86 vs 7 86 vs 8 86 vs 10 86 vs 11 86 vs 12 86 vs 13 86 vs 14 86 vs 15 86 vs 17 86 vs 19 86 vs 20 86 vs 21 86 vs 22 86 vs 23 86 vs 24 86 vs 25 86 vs 26 86 vs 28 86 vs 29 86 vs 30 86 vs 31 86 vs 32 86 vs 33 86 vs 34 86 vs 37 86 vs 39 86 vs 40 86 vs 42 86 vs 44 86 vs 46 86 vs 47 86 vs 48 86 vs 49 86 vs 50 86 vs 52 86 vs 53 86 vs 54 86 vs 55 86 vs 56 86 vs 58 86 vs 59 86 vs 60 86 vs 61 86 vs 62 86 vs 63 86 vs 64 86 vs 65 86 vs 66 86 vs 67 86 vs 68 86 vs 69 86 vs 70 86 vs 72 86 vs 73 86 vs 75 86 vs 76 86 vs 77 86 vs 78 86 vs 79 86 vs 81 86 vs 82 86 vs 83 86 vs 84 86 vs 85 86 vs 88 95 vs 6 95 vs 7 95 vs 8 95 vs 10 95 vs 11 95 vs 12 95 vs 13 95 vs 14 95 vs 15 95 vs 17 95 vs 19 95 vs 20 95 vs 21 95 vs 22 95 vs 23 95 vs 24 95 vs 25 95 vs 26 95 vs 28 95 vs 29 95 vs 30 95 vs 31 95 vs 32 95 vs 33 95 vs 34 95 vs 37 95 vs 39 95 vs 40 95 vs 42 95 vs 44 95 vs 46 95 vs 47 95 vs 48 95 vs 49 95 vs 50 95 vs 52 95 vs 53 95 vs 54 95 vs 55 95 vs 56 95 vs 58 95 vs 59 95 vs 60 95 vs 61 95 vs 62 95 vs 63 95 vs 64 95 vs 65 95 vs 66 95 vs 67 95 vs 68 95 vs 69 95 vs 70 95 vs 72 95 vs 73 95 vs 75 95 vs 76 95 vs 77 95 vs 78 95 vs 79 95 vs 81 95 vs 82 95 vs 83 95 vs 84 95 vs 85 95 vs 86 95 vs 88 95 vs 89 95 vs 90 95 vs 91 95 vs 92 95 vs 94 95 vs 97 1 vs 2 FIFO --> delivers (1,1)
FIFO --> delivers (1,2)
FIFO --> delivers (1,3)
FIFO --> delivers (1,4)
16 vs 8 16 vs 13 16 vs 14 16 vs 17 24 vs 8 24 vs 13 24 vs 14 24 vs 16 24 vs 17 24 vs 18 24 vs 20 24 vs 21 24 vs 25 81 vs 8 81 vs 13 81 vs 14 81 vs 16 81 vs 17 81 vs 18 81 vs 20 81 vs 21 81 vs 24 81 vs 25 81 vs 26 81 vs 27 81 vs 28 81 vs 30 81 vs 31 81 vs 32 81 vs 33 81 vs 34 81 vs 35 81 vs 38 81 vs 41 81 vs 42 81 vs 43 81 vs 45 81 vs 46 81 vs 47 81 vs 48 81 vs 49 81 vs 51 81 vs 55 81 vs 56 81 vs 57 81 vs 58 81 vs 59 81 vs 61 81 vs 62 81 vs 63 81 vs 64 81 vs 65 81 vs 66 81 vs 67 81 vs 68 81 vs 69 81 vs 70 81 vs 72 81 vs 73 81 vs 74 81 vs 76 81 vs 77 81 vs 78 81 vs 79 81 vs 82 58 vs 2 58 vs 3 58 vs 4 58 vs 5 58 vs 6 58 vs 7 58 vs 8 58 vs 9 58 vs 10 58 vs 11 58 vs 12 58 vs 13 58 vs 14 58 vs 15 58 vs 16 58 vs 17 58 vs 18 58 vs 20 58 vs 21 58 vs 22 58 vs 24 58 vs 25 58 vs 26 58 vs 31 58 vs 32 58 vs 33 58 vs 34 58 vs 36 58 vs 37 58 vs 39 58 vs 40 58 vs 41 58 vs 42 58 vs 43 58 vs 44 58 vs 45 58 vs 47 58 vs 48 58 vs 49 58 vs 50 58 vs 52 58 vs 53 58 vs 56 58 vs 57 58 vs 59 60 vs 2 60 vs 3 60 vs 4 60 vs 5 60 vs 6 60 vs 7 60 vs 8 60 vs 9 60 vs 10 60 vs 11 60 vs 12 60 vs 13 60 vs 14 60 vs 15 60 vs 16 60 vs 17 60 vs 18 60 vs 20 60 vs 21 60 vs 22 60 vs 24 60 vs 25 60 vs 26 60 vs 31 60 vs 32 60 vs 33 60 vs 34 60 vs 36 60 vs 37 60 vs 39 60 vs 40 60 vs 41 60 vs 42 60 vs 43 60 vs 44 60 vs 45 60 vs 47 60 vs 48 60 vs 49 60 vs 50 60 vs 52 60 vs 53 60 vs 56 60 vs 57 60 vs 58 60 vs 59 60 vs 62 64 vs 2 64 vs 3 64 vs 4 64 vs 5 64 vs 6 64 vs 7 64 vs 8 64 vs 9 64 vs 10 64 vs 11 64 vs 12 64 vs 13 64 vs 14 64 vs 15 64 vs 16 64 vs 17 64 vs 18 64 vs 20 64 vs 21 64 vs 22 64 vs 24 64 vs 25 64 vs 26 64 vs 31 64 vs 32 64 vs 33 64 vs 34 64 vs 36 64 vs 37 64 vs 39 64 vs 40 64 vs 41 64 vs 42 64 vs 43 64 vs 44 64 vs 45 64 vs 47 64 vs 48 64 vs 49 64 vs 50 64 vs 52 64 vs 53 64 vs 56 64 vs 57 64 vs 58 64 vs 59 64 vs 60 64 vs 62 64 vs 63 64 vs 65 69 vs 2 69 vs 3 69 vs 4 69 vs 5 69 vs 6 69 vs 7 69 vs 8 69 vs 9 69 vs 10 69 vs 11 69 vs 12 69 vs 13 69 vs 14 69 vs 15 69 vs 16 69 vs 17 69 vs 18 69 vs 20 69 vs 21 69 vs 22 69 vs 24 69 vs 25 69 vs 26 69 vs 31 69 vs 32 69 vs 33 69 vs 34 69 vs 36 69 vs 37 69 vs 39 69 vs 40 69 vs 41 69 vs 42 69 vs 43 69 vs 44 69 vs 45 69 vs 47 69 vs 48 69 vs 49 69 vs 50 69 vs 52 69 vs 53 69 vs 56 69 vs 57 69 vs 58 69 vs 59 69 vs 60 69 vs 62 69 vs 63 69 vs 64 69 vs 65 69 vs 66 69 vs 68 69 vs 70 84 vs 2 84 vs 3 84 vs 4 84 vs 5 84 vs 6 84 vs 7 84 vs 8 84 vs 9 84 vs 10 84 vs 11 84 vs 12 84 vs 13 84 vs 14 84 vs 15 84 vs 16 84 vs 17 84 vs 18 84 vs 20 84 vs 21 84 vs 22 84 vs 24 84 vs 25 84 vs 26 84 vs 31 84 vs 32 84 vs 33 84 vs 34 84 vs 36 84 vs 37 84 vs 39 84 vs 40 84 vs 41 84 vs 42 84 vs 43 84 vs 44 84 vs 45 84 vs 47 84 vs 48 84 vs 49 84 vs 50 84 vs 52 84 vs 53 84 vs 56 84 vs 57 84 vs 58 84 vs 59 84 vs 60 84 vs 62 84 vs 63 84 vs 64 84 vs 65 84 vs 66 84 vs 68 84 vs 69 84 vs 70 84 vs 71 84 vs 72 84 vs 73 84 vs 74 84 vs 76 84 vs 78 84 vs 79 84 vs 80 84 vs 81 84 vs 82 84 vs 83 84 vs 85 39 vs 8 39 vs 13 39 vs 14 39 vs 16 39 vs 17 39 vs 18 39 vs 20 39 vs 21 39 vs 24 39 vs 25 39 vs 26 39 vs 27 39 vs 28 39 vs 30 39 vs 31 39 vs 32 39 vs 33 39 vs 34 39 vs 35 39 vs 38 39 vs 41 35 vs 6 35 vs 7 35 vs 8 35 vs 10 35 vs 11 35 vs 12 35 vs 13 35 vs 14 35 vs 15 35 vs 17 35 vs 19 35 vs 20 35 vs 21 35 vs 22 35 vs 23 35 vs 24 35 vs 25 35 vs 26 35 vs 28 35 vs 29 35 vs 30 35 vs 31 35 vs 32 35 vs 33 35 vs 34 35 vs 37 71 vs 8 71 vs 13 71 vs 14 71 vs 16 71 vs 17 71 vs 18 71 vs 20 71 vs 21 71 vs 24 71 vs 25 71 vs 26 71 vs 27 71 vs 28 71 vs 30 71 vs 31 71 vs 32 71 vs 33 71 vs 34 71 vs 35 71 vs 38 71 vs 39 71 vs 41 71 vs 42 71 vs 43 71 vs 45 71 vs 46 71 vs 47 71 vs 48 71 vs 49 71 vs 51 71 vs 55 71 vs 56 71 vs 57 71 vs 58 71 vs 59 71 vs 61 71 vs 62 71 vs 63 71 vs 64 71 vs 65 71 vs 66 71 vs 67 71 vs 68 71 vs 69 71 vs 70 71 vs 72 22 vs 8 22 vs 13 22 vs 14 22 vs 16 22 vs 17 22 vs 18 22 vs 20 22 vs 21 22 vs 24 37 vs 8 37 vs 13 37 vs 14 37 vs 16 37 vs 17 37 vs 18 37 vs 20 37 vs 21 37 vs 22 37 vs 24 37 vs 25 37 vs 26 37 vs 27 37 vs 28 37 vs 30 37 vs 31 37 vs 32 37 vs 33 37 vs 34 37 vs 35 37 vs 38 54 vs 8 54 vs 13 54 vs 14 54 vs 16 54 vs 17 54 vs 18 54 vs 20 54 vs 21 54 vs 22 54 vs 24 54 vs 25 54 vs 26 54 vs 27 54 vs 28 54 vs 30 54 vs 31 54 vs 32 54 vs 33 54 vs 34 54 vs 35 54 vs 37 54 vs 38 54 vs 39 54 vs 41 54 vs 42 54 vs 43 54 vs 45 54 vs 46 54 vs 47 54 vs 48 54 vs 49 54 vs 51 54 vs 55 75 vs 8 75 vs 13 75 vs 14 75 vs 16 75 vs 17 75 vs 18 75 vs 20 75 vs 21 75 vs 22 75 vs 24 75 vs 25 75 vs 26 75 vs 27 75 vs 28 75 vs 30 75 vs 31 75 vs 32 75 vs 33 75 vs 34 75 vs 35 75 vs 37 75 vs 38 75 vs 39 75 vs 41 75 vs 42 75 vs 43 75 vs 45 75 vs 46 75 vs 47 75 vs 48 75 vs 49 75 vs 51 75 vs 54 75 vs 55 75 vs 56 75 vs 57 75 vs 58 75 vs 59 75 vs 61 75 vs 62 75 vs 63 75 vs 64 75 vs 65 75 vs 66 75 vs 67 75 vs 68 75 vs 69 75 vs 70 75 vs 71 75 vs 72 75 vs 73 75 vs 74 75 vs 76 93 vs 6 93 vs 7 93 vs 8 93 vs 10 93 vs 11 93 vs 12 93 vs 13 93 vs 14 93 vs 15 93 vs 17 93 vs 19 93 vs 20 93 vs 21 93 vs 22 93 vs 23 93 vs 24 93 vs 25 93 vs 26 93 vs 28 93 vs 29 93 vs 30 93 vs 31 93 vs 32 93 vs 33 93 vs 34 93 vs 35 93 vs 37 93 vs 39 93 vs 40 93 vs 42 93 vs 44 93 vs 46 93 vs 47 93 vs 48 93 vs 49 93 vs 50 93 vs 52 93 vs 53 93 vs 54 93 vs 55 93 vs 56 93 vs 58 93 vs 59 93 vs 60 93 vs 61 93 vs 62 93 vs 63 93 vs 64 93 vs 65 93 vs 66 93 vs 67 93 vs 68 93 vs 69 93 vs 70 93 vs 72 93 vs 73 93 vs 75 93 vs 76 93 vs 77 93 vs 78 93 vs 79 93 vs 81 93 vs 82 93 vs 83 93 vs 84 93 vs 85 93 vs 86 93 vs 88 93 vs 89 93 vs 90 93 vs 91 93 vs 92 93 vs 94 18 vs 6 18 vs 7 18 vs 8 18 vs 10 18 vs 11 18 vs 12 18 vs 13 18 vs 14 18 vs 15 18 vs 17 18 vs 19 5 vs 6 44 vs 8 44 vs 13 44 vs 14 44 vs 16 44 vs 17 44 vs 18 44 vs 20 44 vs 21 44 vs 22 44 vs 24 44 vs 25 44 vs 26 44 vs 27 44 vs 28 44 vs 30 44 vs 31 44 vs 32 44 vs 33 44 vs 34 44 vs 35 44 vs 37 44 vs 38 44 vs 39 44 vs 41 44 vs 42 44 vs 43 44 vs 45 36 vs 5 36 vs 6 36 vs 7 36 vs 8 36 vs 10 36 vs 11 36 vs 12 36 vs 13 36 vs 14 36 vs 15 36 vs 17 36 vs 18 36 vs 19 36 vs 20 36 vs 21 36 vs 22 36 vs 23 36 vs 24 36 vs 25 36 vs 26 36 vs 28 36 vs 29 36 vs 30 36 vs 31 36 vs 32 36 vs 33 36 vs 34 36 vs 35 36 vs 37 38 vs 5 38 vs 6 38 vs 7 38 vs 8 38 vs 10 38 vs 11 38 vs 12 38 vs 13 38 vs 14 38 vs 15 38 vs 17 38 vs 18 38 vs 19 38 vs 20 38 vs 21 38 vs 22 38 vs 23 38 vs 24 38 vs 25 38 vs 26 38 vs 28 38 vs 29 38 vs 30 38 vs 31 38 vs 32 38 vs 33 38 vs 34 38 vs 35 38 vs 36 38 vs 37 38 vs 39 74 vs 5 74 vs 6 74 vs 7 74 vs 8 74 vs 10 74 vs 11 74 vs 12 74 vs 13 74 vs 14 74 vs 15 74 vs 17 74 vs 18 74 vs 19 74 vs 20 74 vs 21 74 vs 22 74 vs 23 74 vs 24 74 vs 25 74 vs 26 74 vs 28 74 vs 29 74 vs 30 74 vs 31 74 vs 32 74 vs 33 74 vs 34 74 vs 35 74 vs 36 74 vs 37 74 vs 38 74 vs 39 74 vs 40 74 vs 42 74 vs 44 74 vs 46 74 vs 47 74 vs 48 74 vs 49 74 vs 50 74 vs 52 74 vs 53 74 vs 54 74 vs 55 74 vs 56 74 vs 58 74 vs 59 74 vs 60 74 vs 61 74 vs 62 74 vs 63 74 vs 64 74 vs 65 74 vs 66 74 vs 67 74 vs 68 74 vs 69 74 vs 70 74 vs 72 74 vs 73 74 vs 75 41 vs 5 41 vs 6 41 vs 7 41 vs 8 41 vs 10 41 vs 11 41 vs 12 41 vs 13 41 vs 14 41 vs 15 41 vs 17 41 vs 18 41 vs 19 41 vs 20 41 vs 21 41 vs 22 41 vs 23 41 vs 24 41 vs 25 41 vs 26 41 vs 28 41 vs 29 41 vs 30 41 vs 31 41 vs 32 41 vs 33 41 vs 34 41 vs 35 41 vs 36 41 vs 37 41 vs 38 41 vs 39 41 vs 40 41 vs 42 57 vs 5 57 vs 6 57 vs 7 57 vs 8 57 vs 10 57 vs 11 57 vs 12 57 vs 13 57 vs 14 57 vs 15 57 vs 17 57 vs 18 57 vs 19 57 vs 20 57 vs 21 57 vs 22 57 vs 23 57 vs 24 57 vs 25 57 vs 26 57 vs 28 57 vs 29 57 vs 30 57 vs 31 57 vs 32 57 vs 33 57 vs 34 57 vs 35 57 vs 36 57 vs 37 57 vs 38 57 vs 39 57 vs 40 57 vs 41 57 vs 42 57 vs 44 57 vs 46 57 vs 47 57 vs 48 57 vs 49 57 vs 50 57 vs 52 57 vs 53 57 vs 54 57 vs 55 57 vs 56 57 vs 58 60 vs 8 60 vs 13 60 vs 14 60 vs 16 60 vs 17 60 vs 18 60 vs 20 60 vs 21 60 vs 22 60 vs 24 60 vs 25 60 vs 26 60 vs 27 60 vs 28 60 vs 30 60 vs 31 60 vs 32 60 vs 33 60 vs 34 60 vs 35 60 vs 37 60 vs 38 60 vs 39 60 vs 41 60 vs 42 60 vs 43 60 vs 44 60 vs 45 60 vs 46 60 vs 47 60 vs 48 60 vs 49 60 vs 51 60 vs 54 60 vs 55 60 vs 56 60 vs 57 60 vs 58 60 vs 59 60 vs 61 38 vs 2 38 vs 3 38 vs 4 38 vs 5 38 vs 6 38 vs 7 38 vs 8 38 vs 9 38 vs 10 38 vs 11 38 vs 12 38 vs 13 38 vs 14 38 vs 15 38 vs 16 38 vs 17 38 vs 18 38 vs 20 38 vs 21 38 vs 22 38 vs 24 38 vs 25 38 vs 26 38 vs 31 38 vs 32 38 vs 33 38 vs 34 38 vs 36 38 vs 37 38 vs 39 80 vs 8 80 vs 13 80 vs 14 80 vs 16 80 vs 17 80 vs 18 80 vs 20 80 vs 21 80 vs 22 80 vs 24 80 vs 25 80 vs 26 80 vs 27 80 vs 28 80 vs 30 80 vs 31 80 vs 32 80 vs 33 80 vs 34 80 vs 35 80 vs 37 80 vs 38 80 vs 39 80 vs 41 80 vs 42 80 vs 43 80 vs 44 80 vs 45 80 vs 46 80 vs 47 80 vs 48 80 vs 49 80 vs 51 80 vs 54 80 vs 55 80 vs 56 80 vs 57 80 vs 58 80 vs 59 80 vs 60 80 vs 61 80 vs 62 80 vs 63 80 vs 64 80 vs 65 80 vs 66 80 vs 67 80 vs 68 80 vs 69 80 vs 70 80 vs 71 80 vs 72 80 vs 73 80 vs 74 80 vs 75 80 vs 76 80 vs 77 80 vs 78 80 vs 79 80 vs 81 46 vs 2 46 vs 3 46 vs 4 46 vs 5 46 vs 6 46 vs 7 46 vs 8 46 vs 9 46 vs 10 46 vs 11 46 vs 12 46 vs 13 46 vs 14 46 vs 15 46 vs 16 46 vs 17 46 vs 18 46 vs 20 46 vs 21 46 vs 22 46 vs 24 46 vs 25 46 vs 26 46 vs 31 46 vs 32 46 vs 33 46 vs 34 46 vs 36 46 vs 37 46 vs 38 46 vs 39 46 vs 40 46 vs 41 46 vs 42 46 vs 43 46 vs 44 46 vs 45 46 vs 47 96 vs 5 96 vs 6 96 vs 7 96 vs 8 96 vs 10 96 vs 11 96 vs 12 96 vs 13 96 vs 14 96 vs 15 96 vs 17 96 vs 18 96 vs 19 96 vs 20 96 vs 21 96 vs 22 96 vs 23 96 vs 24 96 vs 25 96 vs 26 96 vs 28 96 vs 29 96 vs 30 96 vs 31 96 vs 32 96 vs 33 96 vs 34 96 vs 35 96 vs 36 96 vs 37 96 vs 38 96 vs 39 96 vs 40 96 vs 41 96 vs 42 96 vs 44 96 vs 46 96 vs 47 96 vs 48 96 vs 49 96 vs 50 96 vs 52 96 vs 53 96 vs 54 96 vs 55 96 vs 56 96 vs 57 96 vs 58 96 vs 59 96 vs 60 96 vs 61 96 vs 62 96 vs 63 96 vs 64 96 vs 65 96 vs 66 96 vs 67 96 vs 68 96 vs 69 96 vs 70 96 vs 72 96 vs 73 96 vs 74 96 vs 75 96 vs 76 96 vs 77 96 vs 78 96 vs 79 96 vs 81 96 vs 82 96 vs 83 96 vs 84 96 vs 85 96 vs 86 96 vs 88 96 vs 89 96 vs 90 96 vs 91 96 vs 92 96 vs 93 96 vs 94 96 vs 95 96 vs 97 87 vs 8 87 vs 13 87 vs 14 87 vs 16 87 vs 17 87 vs 18 87 vs 20 87 vs 21 87 vs 22 87 vs 24 87 vs 25 87 vs 26 87 vs 27 87 vs 28 87 vs 30 87 vs 31 87 vs 32 87 vs 33 87 vs 34 87 vs 35 87 vs 37 87 vs 38 87 vs 39 87 vs 41 87 vs 42 87 vs 43 87 vs 44 87 vs 45 87 vs 46 87 vs 47 87 vs 48 87 vs 49 87 vs 51 87 vs 54 87 vs 55 87 vs 56 87 vs 57 87 vs 58 87 vs 59 87 vs 60 87 vs 61 87 vs 62 87 vs 63 87 vs 64 87 vs 65 87 vs 66 87 vs 67 87 vs 68 87 vs 69 87 vs 70 87 vs 71 87 vs 72 87 vs 73 87 vs 74 87 vs 75 87 vs 76 87 vs 77 87 vs 78 87 vs 79 87 vs 80 87 vs 81 87 vs 82 87 vs 83 87 vs 84 87 vs 85 87 vs 86 87 vs 88 67 vs 2 67 vs 3 67 vs 4 67 vs 5 67 vs 6 67 vs 7 67 vs 8 67 vs 9 67 vs 10 67 vs 11 67 vs 12 67 vs 13 67 vs 14 67 vs 15 67 vs 16 67 vs 17 67 vs 18 67 vs 20 67 vs 21 67 vs 22 67 vs 24 67 vs 25 67 vs 26 67 vs 31 67 vs 32 67 vs 33 67 vs 34 67 vs 36 67 vs 37 67 vs 38 67 vs 39 67 vs 40 67 vs 41 67 vs 42 67 vs 43 67 vs 44 67 vs 45 67 vs 46 67 vs 47 67 vs 48 67 vs 49 67 vs 50 67 vs 52 67 vs 53 67 vs 56 67 vs 57 67 vs 58 67 vs 59 67 vs 60 67 vs 62 67 vs 63 67 vs 64 67 vs 65 67 vs 66 67 vs 68 75 vs 2 75 vs 3 75 vs 4 75 vs 5 75 vs 6 75 vs 7 75 vs 8 75 vs 9 75 vs 10 75 vs 11 75 vs 12 75 vs 13 75 vs 14 75 vs 15 75 vs 16 75 vs 17 75 vs 18 75 vs 20 75 vs 21 75 vs 22 75 vs 24 75 vs 25 75 vs 26 75 vs 31 75 vs 32 75 vs 33 75 vs 34 75 vs 36 75 vs 37 75 vs 38 75 vs 39 75 vs 40 75 vs 41 75 vs 42 75 vs 43 75 vs 44 75 vs 45 75 vs 46 75 vs 47 75 vs 48 75 vs 49 75 vs 50 75 vs 52 75 vs 53 75 vs 56 75 vs 57 75 vs 58 75 vs 59 75 vs 60 75 vs 62 75 vs 63 75 vs 64 75 vs 65 75 vs 66 75 vs 67 75 vs 68 75 vs 69 75 vs 70 75 vs 71 75 vs 72 75 vs 73 75 vs 74 75 vs 76 77 vs 2 77 vs 3 77 vs 4 77 vs 5 77 vs 6 77 vs 7 77 vs 8 77 vs 9 77 vs 10 77 vs 11 77 vs 12 77 vs 13 77 vs 14 77 vs 15 77 vs 16 77 vs 17 77 vs 18 77 vs 20 77 vs 21 77 vs 22 77 vs 24 77 vs 25 77 vs 26 77 vs 31 77 vs 32 77 vs 33 77 vs 34 77 vs 36 77 vs 37 77 vs 38 77 vs 39 77 vs 40 77 vs 41 77 vs 42 77 vs 43 77 vs 44 77 vs 45 77 vs 46 77 vs 47 77 vs 48 77 vs 49 77 vs 50 77 vs 52 77 vs 53 77 vs 56 77 vs 57 77 vs 58 77 vs 59 77 vs 60 77 vs 62 77 vs 63 77 vs 64 77 vs 65 77 vs 66 77 vs 67 77 vs 68 77 vs 69 77 vs 70 77 vs 71 77 vs 72 77 vs 73 77 vs 74 77 vs 75 77 vs 76 77 vs 78 95 vs 2 95 vs 3 95 vs 4 95 vs 5 95 vs 6 95 vs 7 95 vs 8 95 vs 9 95 vs 10 95 vs 11 95 vs 12 95 vs 13 95 vs 14 95 vs 15 95 vs 16 95 vs 17 95 vs 18 95 vs 20 95 vs 21 95 vs 22 95 vs 24 95 vs 25 95 vs 26 95 vs 31 95 vs 32 95 vs 33 95 vs 34 95 vs 36 95 vs 37 95 vs 38 95 vs 39 95 vs 40 95 vs 41 95 vs 42 95 vs 43 95 vs 44 95 vs 45 95 vs 46 95 vs 47 95 vs 48 95 vs 49 95 vs 50 95 vs 52 95 vs 53 95 vs 56 95 vs 57 95 vs 58 95 vs 59 95 vs 60 95 vs 62 95 vs 63 95 vs 64 95 vs 65 95 vs 66 95 vs 67 95 vs 68 95 vs 69 95 vs 70 95 vs 71 95 vs 72 95 vs 73 95 vs 74 95 vs 75 95 vs 76 95 vs 77 95 vs 78 95 vs 79 95 vs 80 95 vs 81 95 vs 82 95 vs 83 95 vs 84 95 vs 85 95 vs 86 95 vs 87 95 vs 88 95 vs 90 95 vs 91 95 vs 92 95 vs 93 95 vs 94 95 vs 97 5 vs 8 FIFO --> delivers (1,5)
23 vs 2 23 vs 3 23 vs 4 23 vs 5 23 vs 6 23 vs 7 23 vs 8 23 vs 9 23 vs 10 23 vs 11 23 vs 12 23 vs 13 23 vs 14 23 vs 15 23 vs 16 23 vs 17 23 vs 18 23 vs 20 23 vs 21 23 vs 22 23 vs 24 35 vs 2 35 vs 3 35 vs 4 35 vs 5 35 vs 6 35 vs 7 35 vs 8 35 vs 9 35 vs 10 35 vs 11 35 vs 12 35 vs 13 35 vs 14 35 vs 15 35 vs 16 35 vs 17 35 vs 18 35 vs 20 35 vs 21 35 vs 22 35 vs 23 35 vs 24 35 vs 25 35 vs 26 35 vs 31 35 vs 32 35 vs 33 35 vs 34 35 vs 36 55 vs 2 55 vs 3 55 vs 4 55 vs 5 55 vs 6 55 vs 7 55 vs 8 55 vs 9 55 vs 10 55 vs 11 55 vs 12 55 vs 13 55 vs 14 55 vs 15 55 vs 16 55 vs 17 55 vs 18 55 vs 20 55 vs 21 55 vs 22 55 vs 23 55 vs 24 55 vs 25 55 vs 26 55 vs 31 55 vs 32 55 vs 33 55 vs 34 55 vs 35 55 vs 36 55 vs 37 55 vs 38 55 vs 39 55 vs 40 55 vs 41 55 vs 42 55 vs 43 55 vs 44 55 vs 45 55 vs 46 55 vs 47 55 vs 48 55 vs 49 55 vs 50 55 vs 52 55 vs 53 55 vs 56 61 vs 2 61 vs 3 61 vs 4 61 vs 5 61 vs 6 61 vs 7 61 vs 8 61 vs 9 61 vs 10 61 vs 11 61 vs 12 61 vs 13 61 vs 14 61 vs 15 61 vs 16 61 vs 17 61 vs 18 61 vs 20 61 vs 21 61 vs 22 61 vs 23 61 vs 24 61 vs 25 61 vs 26 61 vs 31 61 vs 32 61 vs 33 61 vs 34 61 vs 35 61 vs 36 61 vs 37 61 vs 38 61 vs 39 61 vs 40 61 vs 41 61 vs 42 61 vs 43 61 vs 44 61 vs 45 61 vs 46 61 vs 47 61 vs 48 61 vs 49 61 vs 50 61 vs 52 61 vs 53 61 vs 55 61 vs 56 61 vs 57 61 vs 58 61 vs 59 61 vs 60 61 vs 62 29 vs 2 29 vs 3 29 vs 4 29 vs 5 29 vs 6 29 vs 7 29 vs 8 29 vs 9 29 vs 10 29 vs 11 29 vs 12 29 vs 13 29 vs 14 29 vs 15 29 vs 16 29 vs 17 29 vs 18 29 vs 20 29 vs 21 29 vs 22 29 vs 23 29 vs 24 29 vs 25 29 vs 26 29 vs 31 19 vs 2 19 vs 3 19 vs 4 19 vs 5 19 vs 6 19 vs 7 19 vs 8 19 vs 9 19 vs 10 19 vs 11 19 vs 12 19 vs 13 19 vs 14 19 vs 15 19 vs 16 19 vs 17 19 vs 18 19 vs 20 50 vs 8 50 vs 13 50 vs 14 50 vs 16 50 vs 17 50 vs 18 50 vs 20 50 vs 21 50 vs 22 50 vs 24 50 vs 25 50 vs 26 50 vs 27 50 vs 28 50 vs 30 50 vs 31 50 vs 32 50 vs 33 50 vs 34 50 vs 35 50 vs 37 50 vs 38 50 vs 39 50 vs 41 50 vs 42 50 vs 43 50 vs 44 50 vs 45 50 vs 46 50 vs 47 50 vs 48 50 vs 49 50 vs 51 4 vs 5 FIFO --> delivers (2,4)
FIFO --> delivers (2,5)
FIFO --> delivers (2,6)
FIFO --> delivers (2,7)
FIFO --> delivers (2,8)
9 vs 10 FIFO --> delivers (2,9)
FIFO --> delivers (2,10)
FIFO --> delivers (2,11)
FIFO --> delivers (2,12)
FIFO --> delivers (2,13)
FIFO --> delivers (2,14)
FIFO --> delivers (2,15)
27 vs 17 27 vs 18 27 vs 19 27 vs 20 27 vs 21 27 vs 22 27 vs 23 27 vs 24 27 vs 25 27 vs 26 27 vs 28 9 vs 8 9 vs 13 91 vs 8 91 vs 9 91 vs 13 91 vs 14 91 vs 16 91 vs 17 91 vs 18 91 vs 20 91 vs 21 91 vs 22 91 vs 24 91 vs 25 91 vs 26 91 vs 27 91 vs 28 91 vs 30 91 vs 31 91 vs 32 91 vs 33 91 vs 34 91 vs 35 91 vs 37 91 vs 38 91 vs 39 91 vs 41 91 vs 42 91 vs 43 91 vs 44 91 vs 45 91 vs 46 91 vs 47 91 vs 48 91 vs 49 91 vs 50 91 vs 51 91 vs 54 91 vs 55 91 vs 56 91 vs 57 91 vs 58 91 vs 59 91 vs 60 91 vs 61 91 vs 62 91 vs 63 91 vs 64 91 vs 65 91 vs 66 91 vs 67 91 vs 68 91 vs 69 91 vs 70 91 vs 71 91 vs 72 91 vs 73 91 vs 74 91 vs 75 91 vs 76 91 vs 77 91 vs 78 91 vs 79 91 vs 80 91 vs 81 91 vs 82 91 vs 83 91 vs 84 91 vs 85 91 vs 86 91 vs 87 91 vs 88 91 vs 89 91 vs 90 91 vs 92 98 vs 8 98 vs 9 98 vs 13 98 vs 14 98 vs 16 98 vs 17 98 vs 18 98 vs 20 98 vs 21 98 vs 22 98 vs 24 98 vs 25 98 vs 26 98 vs 27 98 vs 28 98 vs 30 98 vs 31 98 vs 32 98 vs 33 98 vs 34 98 vs 35 98 vs 37 98 vs 38 98 vs 39 98 vs 41 98 vs 42 98 vs 43 98 vs 44 98 vs 45 98 vs 46 98 vs 47 98 vs 48 98 vs 49 98 vs 50 98 vs 51 98 vs 54 98 vs 55 98 vs 56 98 vs 57 98 vs 58 98 vs 59 98 vs 60 98 vs 61 98 vs 62 98 vs 63 98 vs 64 98 vs 65 98 vs 66 98 vs 67 98 vs 68 98 vs 69 98 vs 70 98 vs 71 98 vs 72 98 vs 73 98 vs 74 98 vs 75 98 vs 76 98 vs 77 98 vs 78 98 vs 79 98 vs 80 98 vs 81 98 vs 82 98 vs 83 98 vs 84 98 vs 85 98 vs 86 98 vs 87 98 vs 88 98 vs 89 98 vs 90 98 vs 91 98 vs 92 98 vs 93 98 vs 94 98 vs 95 98 vs 96 98 vs 97 98 vs 99 80 vs 17 80 vs 18 80 vs 19 80 vs 20 80 vs 21 80 vs 22 80 vs 23 80 vs 24 80 vs 25 80 vs 26 80 vs 27 80 vs 28 80 vs 29 80 vs 30 80 vs 31 80 vs 32 80 vs 33 80 vs 34 80 vs 35 80 vs 36 80 vs 37 80 vs 38 80 vs 39 80 vs 40 80 vs 41 80 vs 42 80 vs 44 80 vs 46 80 vs 47 80 vs 48 80 vs 49 80 vs 50 80 vs 52 80 vs 53 80 vs 54 80 vs 55 80 vs 56 80 vs 57 80 vs 58 80 vs 59 80 vs 60 80 vs 61 80 vs 62 80 vs 63 80 vs 64 80 vs 65 80 vs 66 80 vs 67 80 vs 68 80 vs 69 80 vs 70 80 vs 72 80 vs 73 80 vs 74 80 vs 75 80 vs 76 80 vs 77 80 vs 78 80 vs 79 80 vs 81 27 vs 2 27 vs 3 27 vs 4 27 vs 5 27 vs 6 27 vs 7 27 vs 8 27 vs 9 27 vs 10 27 vs 11 27 vs 12 27 vs 13 27 vs 14 27 vs 15 27 vs 16 27 vs 17 27 vs 18 27 vs 19 27 vs 20 27 vs 21 27 vs 22 27 vs 23 27 vs 24 27 vs 25 27 vs 26 27 vs 29 1 vs 2 FIFO --> delivers (3,1)
FIFO --> delivers (3,2)
FIFO --> delivers (3,3)
FIFO --> delivers (3,4)
FIFO --> delivers (3,5)
FIFO --> delivers (3,6)
FIFO --> delivers (3,7)
FIFO --> delivers (3,8)
FIFO --> delivers (3,9)
FIFO --> delivers (3,10)
FIFO --> delivers (3,11)
FIFO --> delivers (3,12)
FIFO --> delivers (3,13)
FIFO --> delivers (3,14)
FIFO --> delivers (3,15)
FIFO --> delivers (3,16)
FIFO --> delivers (3,17)
FIFO --> delivers (3,18)
FIFO --> delivers (3,19)
FIFO --> delivers (3,20)
FIFO --> delivers (3,21)
FIFO --> delivers (3,22)
FIFO --> delivers (3,23)
FIFO --> delivers (3,24)
FIFO --> delivers (3,25)
FIFO --> delivers (3,26)
FIFO --> delivers (3,27)
28 vs 29 FIFO --> delivers (3,28)
FIFO --> delivers (3,29)
89 vs 31 89 vs 32 89 vs 33 89 vs 34 89 vs 35 89 vs 36 89 vs 37 89 vs 38 89 vs 39 89 vs 40 89 vs 41 89 vs 42 89 vs 43 89 vs 44 89 vs 45 89 vs 46 89 vs 47 89 vs 48 89 vs 49 89 vs 50 89 vs 52 89 vs 53 89 vs 55 89 vs 56 89 vs 57 89 vs 58 89 vs 59 89 vs 60 89 vs 61 89 vs 62 89 vs 63 89 vs 64 89 vs 65 89 vs 66 89 vs 67 89 vs 68 89 vs 69 89 vs 70 89 vs 71 89 vs 72 89 vs 73 89 vs 74 89 vs 75 89 vs 76 89 vs 77 89 vs 78 89 vs 79 89 vs 80 89 vs 81 89 vs 82 89 vs 83 89 vs 84 89 vs 85 89 vs 86 89 vs 87 89 vs 88 89 vs 90 99 vs 31 99 vs 32 99 vs 33 99 vs 34 99 vs 35 99 vs 36 99 vs 37 99 vs 38 99 vs 39 99 vs 40 99 vs 41 99 vs 42 99 vs 43 99 vs 44 99 vs 45 99 vs 46 99 vs 47 99 vs 48 99 vs 49 99 vs 50 99 vs 52 99 vs 53 99 vs 55 99 vs 56 99 vs 57 99 vs 58 99 vs 59 99 vs 60 99 vs 61 99 vs 62 99 vs 63 99 vs 64 99 vs 65 99 vs 66 99 vs 67 99 vs 68 99 vs 69 99 vs 70 99 vs 71 99 vs 72 99 vs 73 99 vs 74 99 vs 75 99 vs 76 99 vs 77 99 vs 78 99 vs 79 99 vs 80 99 vs 81 99 vs 82 99 vs 83 99 vs 84 99 vs 85 99 vs 86 99 vs 87 99 vs 88 99 vs 89 99 vs 90 99 vs 91 99 vs 92 99 vs 93 99 vs 94 99 vs 95 99 vs 97 99 vs 98 99 vs 100 29 vs 8 29 vs 9 29 vs 13 29 vs 14 29 vs 16 29 vs 17 29 vs 18 29 vs 20 29 vs 21 29 vs 22 29 vs 24 29 vs 25 29 vs 26 29 vs 27 29 vs 28 29 vs 30 16 vs 17 FIFO --> delivers (2,16)
FIFO --> delivers (2,17)
FIFO --> delivers (2,18)
FIFO --> delivers (2,19)
FIFO --> delivers (2,20)
FIFO --> delivers (2,21)
FIFO --> delivers (2,22)
FIFO --> delivers (2,23)
FIFO --> delivers (2,24)
FIFO --> delivers (2,25)
FIFO --> delivers (2,26)
FIFO --> delivers (2,27)
FIFO --> delivers (2,28)
FIFO --> delivers (2,29)
FIFO --> delivers (2,30)
FIFO --> delivers (2,31)
FIFO --> delivers (2,32)
FIFO --> delivers (2,33)
FIFO --> delivers (2,34)
FIFO --> delivers (2,35)
FIFO --> delivers (2,36)
FIFO --> delivers (2,37)
FIFO --> delivers (2,38)
FIFO --> delivers (2,39)
FIFO --> delivers (2,40)
FIFO --> delivers (2,41)
FIFO --> delivers (2,42)
87 vs 44 87 vs 46 87 vs 47 87 vs 48 87 vs 49 87 vs 50 87 vs 52 87 vs 53 87 vs 54 87 vs 55 87 vs 56 87 vs 57 87 vs 58 87 vs 59 87 vs 60 87 vs 61 87 vs 62 87 vs 63 87 vs 64 87 vs 65 87 vs 66 87 vs 67 87 vs 68 87 vs 69 87 vs 70 87 vs 72 87 vs 73 87 vs 74 87 vs 75 87 vs 76 87 vs 77 87 vs 78 87 vs 79 87 vs 80 87 vs 81 87 vs 82 87 vs 83 87 vs 84 87 vs 85 87 vs 86 87 vs 88 96 vs 31 96 vs 32 96 vs 33 96 vs 34 96 vs 35 96 vs 36 96 vs 37 96 vs 38 96 vs 39 96 vs 40 96 vs 41 96 vs 42 96 vs 43 96 vs 44 96 vs 45 96 vs 46 96 vs 47 96 vs 48 96 vs 49 96 vs 50 96 vs 52 96 vs 53 96 vs 55 96 vs 56 96 vs 57 96 vs 58 96 vs 59 96 vs 60 96 vs 61 96 vs 62 96 vs 63 96 vs 64 96 vs 65 96 vs 66 96 vs 67 96 vs 68 96 vs 69 96 vs 70 96 vs 71 96 vs 72 96 vs 73 96 vs 74 96 vs 75 96 vs 76 96 vs 77 96 vs 78 96 vs 79 96 vs 80 96 vs 81 96 vs 82 96 vs 83 96 vs 84 96 vs 85 96 vs 86 96 vs 87 96 vs 88 96 vs 89 96 vs 90 96 vs 91 96 vs 92 96 vs 93 96 vs 94 96 vs 95 96 vs 97 10 vs 8 10 vs 9 10 vs 13 30 vs 31 FIFO --> delivers (3,30)
FIFO --> delivers (3,31)
FIFO --> delivers (3,32)
FIFO --> delivers (3,33)
FIFO --> delivers (3,34)
FIFO --> delivers (3,35)
FIFO --> delivers (3,36)
FIFO --> delivers (3,37)
FIFO --> delivers (3,38)
FIFO --> delivers (3,39)
FIFO --> delivers (3,40)
FIFO --> delivers (3,41)
FIFO --> delivers (3,42)
FIFO --> delivers (3,43)
FIFO --> delivers (3,44)
FIFO --> delivers (3,45)
FIFO --> delivers (3,46)
FIFO --> delivers (3,47)
FIFO --> delivers (3,48)
FIFO --> delivers (3,49)
FIFO --> delivers (3,50)
54 vs 52 54 vs 53 54 vs 55 51 vs 52 FIFO --> delivers (3,51)
FIFO --> delivers (3,52)
FIFO --> delivers (3,53)
FIFO --> delivers (3,54)
FIFO --> delivers (3,55)
FIFO --> delivers (3,56)
FIFO --> delivers (3,57)
FIFO --> delivers (3,58)
FIFO --> delivers (3,59)
FIFO --> delivers (3,60)
FIFO --> delivers (3,61)
FIFO --> delivers (3,62)
FIFO --> delivers (3,63)
FIFO --> delivers (3,64)
FIFO --> delivers (3,65)
FIFO --> delivers (3,66)
FIFO --> delivers (3,67)
FIFO --> delivers (3,68)
FIFO --> delivers (3,69)
FIFO --> delivers (3,70)
FIFO --> delivers (3,71)
FIFO --> delivers (3,72)
FIFO --> delivers (3,73)
FIFO --> delivers (3,74)
FIFO --> delivers (3,75)
FIFO --> delivers (3,76)
FIFO --> delivers (3,77)
FIFO --> delivers (3,78)
FIFO --> delivers (3,79)
FIFO --> delivers (3,80)
FIFO --> delivers (3,81)
FIFO --> delivers (3,82)
FIFO --> delivers (3,83)
FIFO --> delivers (3,84)
FIFO --> delivers (3,85)
FIFO --> delivers (3,86)
FIFO --> delivers (3,87)
FIFO --> delivers (3,88)
FIFO --> delivers (3,89)
FIFO --> delivers (3,90)
FIFO --> delivers (3,91)
FIFO --> delivers (3,92)
FIFO --> delivers (3,93)
FIFO --> delivers (3,94)
FIFO --> delivers (3,95)
FIFO --> delivers (3,96)
FIFO --> delivers (3,97)
FIFO --> delivers (3,98)
FIFO --> delivers (3,99)
FIFO --> delivers (3,100)
36 vs 8 36 vs 9 36 vs 10 36 vs 13 36 vs 14 36 vs 16 36 vs 17 36 vs 18 36 vs 20 36 vs 21 36 vs 22 36 vs 24 36 vs 25 36 vs 26 36 vs 27 36 vs 28 36 vs 29 36 vs 30 36 vs 31 36 vs 32 36 vs 33 36 vs 34 36 vs 35 36 vs 37 43 vs 44 FIFO --> delivers (2,43)
FIFO --> delivers (2,44)
45 vs 46 FIFO --> delivers (2,45)
FIFO --> delivers (2,46)
FIFO --> delivers (2,47)
FIFO --> delivers (2,48)
FIFO --> delivers (2,49)
FIFO --> delivers (2,50)
19 vs 8 19 vs 9 19 vs 10 19 vs 13 19 vs 14 19 vs 16 19 vs 17 19 vs 18 19 vs 20 23 vs 8 23 vs 9 23 vs 10 23 vs 13 23 vs 14 23 vs 16 23 vs 17 23 vs 18 23 vs 19 23 vs 20 23 vs 21 23 vs 22 23 vs 24 11 vs 8 11 vs 9 11 vs 10 11 vs 13 15 vs 8 15 vs 9 15 vs 10 15 vs 11 15 vs 13 15 vs 14 15 vs 16 6 vs 8 FIFO --> delivers (1,6)
53 vs 8 53 vs 9 53 vs 10 53 vs 11 53 vs 13 53 vs 14 53 vs 15 53 vs 16 53 vs 17 53 vs 18 53 vs 19 53 vs 20 53 vs 21 53 vs 22 53 vs 23 53 vs 24 53 vs 25 53 vs 26 53 vs 27 53 vs 28 53 vs 29 53 vs 30 53 vs 31 53 vs 32 53 vs 33 53 vs 34 53 vs 35 53 vs 36 53 vs 37 53 vs 38 53 vs 39 53 vs 41 53 vs 42 53 vs 43 53 vs 44 53 vs 45 53 vs 46 53 vs 47 53 vs 48 53 vs 49 53 vs 50 53 vs 51 53 vs 54 51 vs 52 FIFO --> delivers (2,51)
FIFO --> delivers (2,52)
FIFO --> delivers (2,53)
FIFO --> delivers (2,54)
FIFO --> delivers (2,55)
FIFO --> delivers (2,56)
FIFO --> delivers (2,57)
FIFO --> delivers (2,58)
FIFO --> delivers (2,59)
FIFO --> delivers (2,60)
FIFO --> delivers (2,61)
FIFO --> delivers (2,62)
FIFO --> delivers (2,63)
FIFO --> delivers (2,64)
FIFO --> delivers (2,65)
FIFO --> delivers (2,66)
FIFO --> delivers (2,67)
FIFO --> delivers (2,68)
FIFO --> delivers (2,69)
FIFO --> delivers (2,70)
12 vs 8 12 vs 9 12 vs 10 12 vs 11 12 vs 13 40 vs 8 40 vs 9 40 vs 10 40 vs 11 40 vs 12 40 vs 13 40 vs 14 40 vs 15 40 vs 16 40 vs 17 40 vs 18 40 vs 19 40 vs 20 40 vs 21 40 vs 22 40 vs 23 40 vs 24 40 vs 25 40 vs 26 40 vs 27 40 vs 28 40 vs 29 40 vs 30 40 vs 31 40 vs 32 40 vs 33 40 vs 34 40 vs 35 40 vs 36 40 vs 37 40 vs 38 40 vs 39 40 vs 41 7 vs 8 FIFO --> delivers (1,7)
FIFO --> delivers (1,8)
FIFO --> delivers (1,9)
FIFO --> delivers (1,10)
FIFO --> delivers (1,11)
FIFO --> delivers (1,12)
FIFO --> delivers (1,13)
FIFO --> delivers (1,14)
FIFO --> delivers (1,15)
FIFO --> delivers (1,16)
FIFO --> delivers (1,17)
FIFO --> delivers (1,18)
FIFO --> delivers (1,19)
FIFO --> delivers (1,20)
FIFO --> delivers (1,21)
FIFO --> delivers (1,22)
FIFO --> delivers (1,23)
FIFO --> delivers (1,24)
FIFO --> delivers (1,25)
FIFO --> delivers (1,26)
FIFO --> delivers (1,27)
FIFO --> delivers (1,28)
FIFO --> delivers (1,29)
FIFO --> delivers (1,30)
FIFO --> delivers (1,31)
FIFO --> delivers (1,32)
FIFO --> delivers (1,33)
FIFO --> delivers (1,34)
FIFO --> delivers (1,35)
FIFO --> delivers (1,36)
FIFO --> delivers (1,37)
FIFO --> delivers (1,38)
FIFO --> delivers (1,39)
FIFO --> delivers (1,40)
FIFO --> delivers (1,41)
FIFO --> delivers (1,42)
FIFO --> delivers (1,43)
FIFO --> delivers (1,44)
FIFO --> delivers (1,45)
FIFO --> delivers (1,46)
FIFO --> delivers (1,47)
FIFO --> delivers (1,48)
FIFO --> delivers (1,49)
FIFO --> delivers (1,50)
FIFO --> delivers (1,51)
52 vs 53 FIFO --> delivers (1,52)
FIFO --> delivers (1,53)
FIFO --> delivers (1,54)
FIFO --> delivers (1,55)
FIFO --> delivers (1,56)
FIFO --> delivers (1,57)
FIFO --> delivers (1,58)
FIFO --> delivers (1,59)
FIFO --> delivers (1,60)
FIFO --> delivers (1,61)
FIFO --> delivers (1,62)
FIFO --> delivers (1,63)
FIFO --> delivers (1,64)
FIFO --> delivers (1,65)
FIFO --> delivers (1,66)
FIFO --> delivers (1,67)
FIFO --> delivers (1,68)
FIFO --> delivers (1,69)
FIFO --> delivers (1,70)
FIFO --> delivers (1,71)
FIFO --> delivers (1,72)
FIFO --> delivers (1,73)
FIFO --> delivers (1,74)
FIFO --> delivers (1,75)
FIFO --> delivers (1,76)
FIFO --> delivers (1,77)
FIFO --> delivers (1,78)
FIFO --> delivers (1,79)
FIFO --> delivers (1,80)
FIFO --> delivers (1,81)
FIFO --> delivers (1,82)
FIFO --> delivers (1,83)
FIFO --> delivers (1,84)
FIFO --> delivers (1,85)
FIFO --> delivers (1,86)
FIFO --> delivers (1,87)
FIFO --> delivers (1,88)
FIFO --> delivers (1,89)
FIFO --> delivers (1,90)
FIFO --> delivers (1,91)
FIFO --> delivers (1,92)
FIFO --> delivers (1,93)
FIFO --> delivers (1,94)
FIFO --> delivers (1,95)
FIFO --> delivers (1,96)
FIFO --> delivers (1,97)
FIFO --> delivers (1,98)
FIFO --> delivers (1,99)
FIFO --> delivers (1,100)
71 vs 72 FIFO --> delivers (2,71)
FIFO --> delivers (2,72)
FIFO --> delivers (2,73)
FIFO --> delivers (2,74)
FIFO --> delivers (2,75)
FIFO --> delivers (2,76)
FIFO --> delivers (2,77)
FIFO --> delivers (2,78)
FIFO --> delivers (2,79)
FIFO --> delivers (2,80)
FIFO --> delivers (2,81)
FIFO --> delivers (2,82)
FIFO --> delivers (2,83)
FIFO --> delivers (2,84)
FIFO --> delivers (2,85)
FIFO --> delivers (2,86)
FIFO --> delivers (2,87)
FIFO --> delivers (2,88)
FIFO --> delivers (2,89)
FIFO --> delivers (2,90)
FIFO --> delivers (2,91)
FIFO --> delivers (2,92)
FIFO --> delivers (2,93)
FIFO --> delivers (2,94)
FIFO --> delivers (2,95)
FIFO --> delivers (2,96)
FIFO --> delivers (2,97)
FIFO --> delivers (2,98)
FIFO --> delivers (2,99)
FIFO --> delivers (2,100)
Immediately stopping network packet processing.
Writing output.
